[2.302s] Invoking command in '/home/samuel/Roboticaclase/ultrason_ws/scr/obstaculo': DEBUGINFOD_URLS=https://debuginfod.ubuntu.com PYTHONPATH=/home/samuel/Roboticaclase/ultrason_ws/scr/build/obstaculo/prefix_override:/usr/lib/python3/dist-packages/colcon_core/task/python/colcon_distutils_commands:/home/samuel/Roboticaclase/ultrason_ws/scr/install/obstaculo/lib/python3.12/site-packages:${PYTHONPATH} /usr/bin/python3 -W ignore:setup.py install is deprecated -W ignore:easy_install command is deprecated setup.py egg_info --egg-base ../build/obstaculo build --build-base /home/samuel/Roboticaclase/ultrason_ws/scr/build/obstaculo/build install --record /home/samuel/Roboticaclase/ultrason_ws/scr/build/obstaculo/install.log --single-version-externally-managed install_data
[2.901s] running egg_info
[2.946s] writing ../build/obstaculo/obstaculo.egg-info/PKG-INFO
[2.946s] writing dependency_links to ../build/obstaculo/obstaculo.egg-info/dependency_links.txt
[2.946s] writing requirements to ../build/obstaculo/obstaculo.egg-info/requires.txt
[2.947s] writing top-level names to ../build/obstaculo/obstaculo.egg-info/top_level.txt
[3.034s] reading manifest file '../build/obstaculo/obstaculo.egg-info/SOURCES.txt'
[3.034s] adding license file 'LICENSE'
[3.035s] writing manifest file '../build/obstaculo/obstaculo.egg-info/SOURCES.txt'
[3.036s] running build
[3.036s] running build_py
[3.036s] running install
[3.051s] running install_lib
[3.097s] running install_data
[3.097s] running install_egg_info
[3.143s] removing '/home/samuel/Roboticaclase/ultrason_ws/scr/install/obstaculo/lib/python3.12/site-packages/obstaculo-0.0.0-py3.12.egg-info' (and everything under it)
[3.144s] Copying ../build/obstaculo/obstaculo.egg-info to /home/samuel/Roboticaclase/ultrason_ws/scr/install/obstaculo/lib/python3.12/site-packages/obstaculo-0.0.0-py3.12.egg-info
[3.145s] running install_scripts
[3.434s] writing list of installed files to '/home/samuel/Roboticaclase/ultrason_ws/scr/build/obstaculo/install.log'
[3.487s] Invoked command in '/home/samuel/Roboticaclase/ultrason_ws/scr/obstaculo' returned '0': DEBUGINFOD_URLS=https://debuginfod.ubuntu.com PYTHONPATH=/home/samuel/Roboticaclase/ultrason_ws/scr/build/obstaculo/prefix_override:/usr/lib/python3/dist-packages/colcon_core/task/python/colcon_distutils_commands:/home/samuel/Roboticaclase/ultrason_ws/scr/install/obstaculo/lib/python3.12/site-packages:${PYTHONPATH} /usr/bin/python3 -W ignore:setup.py install is deprecated -W ignore:easy_install command is deprecated setup.py egg_info --egg-base ../build/obstaculo build --build-base /home/samuel/Roboticaclase/ultrason_ws/scr/build/obstaculo/build install --record /home/samuel/Roboticaclase/ultrason_ws/scr/build/obstaculo/install.log --single-version-externally-managed install_data
