[2.264s] Invoking command in '/home/samuel/Roboticaclase/ultrason_ws/scr/obstaculo': DEBUGINFOD_URLS=https://debuginfod.ubuntu.com PYTHONPATH=/home/samuel/Roboticaclase/ultrason_ws/scr/build/obstaculo/prefix_override:/usr/lib/python3/dist-packages/colcon_core/task/python/colcon_distutils_commands:/home/samuel/Roboticaclase/ultrason_ws/scr/install/obstaculo/lib/python3.12/site-packages:${PYTHONPATH} /usr/bin/python3 -W ignore:setup.py install is deprecated -W ignore:easy_install command is deprecated setup.py egg_info --egg-base ../build/obstaculo build --build-base /home/samuel/Roboticaclase/ultrason_ws/scr/build/obstaculo/build install --record /home/samuel/Roboticaclase/ultrason_ws/scr/build/obstaculo/install.log --single-version-externally-managed install_data
[2.929s] running egg_info
[2.972s] writing ../build/obstaculo/obstaculo.egg-info/PKG-INFO
[2.972s] writing dependency_links to ../build/obstaculo/obstaculo.egg-info/dependency_links.txt
[2.973s] writing entry points to ../build/obstaculo/obstaculo.egg-info/entry_points.txt
[2.973s] writing requirements to ../build/obstaculo/obstaculo.egg-info/requires.txt
[2.973s] writing top-level names to ../build/obstaculo/obstaculo.egg-info/top_level.txt
[3.073s] reading manifest file '../build/obstaculo/obstaculo.egg-info/SOURCES.txt'
[3.073s] adding license file 'LICENSE'
[3.075s] writing manifest file '../build/obstaculo/obstaculo.egg-info/SOURCES.txt'
[3.075s] running build
[3.076s] running build_py
[3.076s] running install
[3.091s] running install_lib
[3.136s] running install_data
[3.137s] running install_egg_info
[3.184s] removing '/home/samuel/Roboticaclase/ultrason_ws/scr/install/obstaculo/lib/python3.12/site-packages/obstaculo-0.0.0-py3.12.egg-info' (and everything under it)
[3.184s] Copying ../build/obstaculo/obstaculo.egg-info to /home/samuel/Roboticaclase/ultrason_ws/scr/install/obstaculo/lib/python3.12/site-packages/obstaculo-0.0.0-py3.12.egg-info
[3.186s] running install_scripts
[3.481s] Installing obsta script to /home/samuel/Roboticaclase/ultrason_ws/scr/install/obstaculo/lib/obstaculo
[3.482s] writing list of installed files to '/home/samuel/Roboticaclase/ultrason_ws/scr/build/obstaculo/install.log'
[3.543s] Invoked command in '/home/samuel/Roboticaclase/ultrason_ws/scr/obstaculo' returned '0': DEBUGINFOD_URLS=https://debuginfod.ubuntu.com PYTHONPATH=/home/samuel/Roboticaclase/ultrason_ws/scr/build/obstaculo/prefix_override:/usr/lib/python3/dist-packages/colcon_core/task/python/colcon_distutils_commands:/home/samuel/Roboticaclase/ultrason_ws/scr/install/obstaculo/lib/python3.12/site-packages:${PYTHONPATH} /usr/bin/python3 -W ignore:setup.py install is deprecated -W ignore:easy_install command is deprecated setup.py egg_info --egg-base ../build/obstaculo build --build-base /home/samuel/Roboticaclase/ultrason_ws/scr/build/obstaculo/build install --record /home/samuel/Roboticaclase/ultrason_ws/scr/build/obstaculo/install.log --single-version-externally-managed install_data
