[2.602s] Invoking command in '/home/samuel/Roboticaclase/ultrason_ws/scr/ultrasonido': DEBUGINFOD_URLS=https://debuginfod.ubuntu.com PYTHONPATH=/home/samuel/Roboticaclase/ultrason_ws/scr/build/ultrasonido/prefix_override:/usr/lib/python3/dist-packages/colcon_core/task/python/colcon_distutils_commands:/home/samuel/Roboticaclase/ultrason_ws/scr/install/ultrasonido/lib/python3.12/site-packages:${PYTHONPATH} /usr/bin/python3 -W ignore:setup.py install is deprecated -W ignore:easy_install command is deprecated setup.py egg_info --egg-base ../build/ultrasonido build --build-base /home/samuel/Roboticaclase/ultrason_ws/scr/build/ultrasonido/build install --record /home/samuel/Roboticaclase/ultrason_ws/scr/build/ultrasonido/install.log --single-version-externally-managed install_data
[3.236s] running egg_info
[3.237s] creating ../build/ultrasonido/ultrasonido.egg-info
[3.283s] writing ../build/ultrasonido/ultrasonido.egg-info/PKG-INFO
[3.283s] writing dependency_links to ../build/ultrasonido/ultrasonido.egg-info/dependency_links.txt
[3.283s] writing requirements to ../build/ultrasonido/ultrasonido.egg-info/requires.txt
[3.284s] writing top-level names to ../build/ultrasonido/ultrasonido.egg-info/top_level.txt
[3.284s] writing manifest file '../build/ultrasonido/ultrasonido.egg-info/SOURCES.txt'
[3.377s] reading manifest file '../build/ultrasonido/ultrasonido.egg-info/SOURCES.txt'
[3.378s] adding license file 'LICENSE'
[3.379s] writing manifest file '../build/ultrasonido/ultrasonido.egg-info/SOURCES.txt'
[3.380s] running build
[3.380s] running build_py
[3.380s] creating /home/samuel/Roboticaclase/ultrason_ws/scr/build/ultrasonido/build
[3.380s] creating /home/samuel/Roboticaclase/ultrason_ws/scr/build/ultrasonido/build/lib
[3.380s] creating /home/samuel/Roboticaclase/ultrason_ws/scr/build/ultrasonido/build/lib/ultrasonido
[3.380s] copying ultrasonido/__init__.py -> /home/samuel/Roboticaclase/ultrason_ws/scr/build/ultrasonido/build/lib/ultrasonido
[3.381s] copying ultrasonido/ultra.py -> /home/samuel/Roboticaclase/ultrason_ws/scr/build/ultrasonido/build/lib/ultrasonido
[3.381s] running install
[3.397s] running install_lib
[3.442s] creating /home/samuel/Roboticaclase/ultrason_ws/scr/install/ultrasonido/lib/python3.12/site-packages/ultrasonido
[3.443s] copying /home/samuel/Roboticaclase/ultrason_ws/scr/build/ultrasonido/build/lib/ultrasonido/__init__.py -> /home/samuel/Roboticaclase/ultrason_ws/scr/install/ultrasonido/lib/python3.12/site-packages/ultrasonido
[3.443s] copying /home/samuel/Roboticaclase/ultrason_ws/scr/build/ultrasonido/build/lib/ultrasonido/ultra.py -> /home/samuel/Roboticaclase/ultrason_ws/scr/install/ultrasonido/lib/python3.12/site-packages/ultrasonido
[3.444s] byte-compiling /home/samuel/Roboticaclase/ultrason_ws/scr/install/ultrasonido/lib/python3.12/site-packages/ultrasonido/__init__.py to __init__.cpython-312.pyc
[3.444s] byte-compiling /home/samuel/Roboticaclase/ultrason_ws/scr/install/ultrasonido/lib/python3.12/site-packages/ultrasonido/ultra.py to ultra.cpython-312.pyc
[3.445s] running install_data
[3.446s] creating /home/samuel/Roboticaclase/ultrason_ws/scr/install/ultrasonido/share/ament_index
[3.446s] creating /home/samuel/Roboticaclase/ultrason_ws/scr/install/ultrasonido/share/ament_index/resource_index
[3.446s] creating /home/samuel/Roboticaclase/ultrason_ws/scr/install/ultrasonido/share/ament_index/resource_index/packages
[3.446s] copying resource/ultrasonido -> /home/samuel/Roboticaclase/ultrason_ws/scr/install/ultrasonido/share/ament_index/resource_index/packages
[3.446s] copying package.xml -> /home/samuel/Roboticaclase/ultrason_ws/scr/install/ultrasonido/share/ultrasonido
[3.446s] running install_egg_info
[3.500s] Copying ../build/ultrasonido/ultrasonido.egg-info to /home/samuel/Roboticaclase/ultrason_ws/scr/install/ultrasonido/lib/python3.12/site-packages/ultrasonido-0.0.0-py3.12.egg-info
[3.501s] running install_scripts
[3.819s] writing list of installed files to '/home/samuel/Roboticaclase/ultrason_ws/scr/build/ultrasonido/install.log'
[3.885s] Invoked command in '/home/samuel/Roboticaclase/ultrason_ws/scr/ultrasonido' returned '0': DEBUGINFOD_URLS=https://debuginfod.ubuntu.com PYTHONPATH=/home/samuel/Roboticaclase/ultrason_ws/scr/build/ultrasonido/prefix_override:/usr/lib/python3/dist-packages/colcon_core/task/python/colcon_distutils_commands:/home/samuel/Roboticaclase/ultrason_ws/scr/install/ultrasonido/lib/python3.12/site-packages:${PYTHONPATH} /usr/bin/python3 -W ignore:setup.py install is deprecated -W ignore:easy_install command is deprecated setup.py egg_info --egg-base ../build/ultrasonido build --build-base /home/samuel/Roboticaclase/ultrason_ws/scr/build/ultrasonido/build install --record /home/samuel/Roboticaclase/ultrason_ws/scr/build/ultrasonido/install.log --single-version-externally-managed install_data
