[0.250s] DEBUG:colcon:Command line arguments: ['/usr/bin/colcon', 'build']
[0.250s] DEBUG:colcon:Parsed command line arguments: Namespace(log_base=None, log_level=None, verb_name='build', build_base='build', install_base='install', merge_install=False, symlink_install=False, test_result_base=None, continue_on_error=False, executor='parallel', parallel_workers=16, event_handlers=None, ignore_user_meta=False, metas=['./colcon.meta'], base_paths=['.'], packages_ignore=None, packages_ignore_regex=None, paths=None, packages_up_to=None, packages_up_to_regex=None, packages_above=None, packages_above_and_dependencies=None, packages_above_depth=None, packages_select_by_dep=None, packages_skip_by_dep=None, packages_skip_up_to=None, packages_select_build_failed=False, packages_skip_build_finished=False, packages_select_test_failures=False, packages_skip_test_passed=False, packages_select=None, packages_skip=None, packages_select_regex=None, packages_skip_regex=None, packages_start=None, packages_end=None, allow_overriding=[], cmake_args=None, cmake_target=None, cmake_target_skip_unavailable=False, cmake_clean_cache=False, cmake_clean_first=False, cmake_force_configure=False, ament_cmake_args=None, catkin_cmake_args=None, catkin_skip_building_tests=False, mixin_files=None, mixin=None, verb_parser=<colcon_mixin.mixin.mixin_argument.MixinArgumentDecorator object at 0x70bca299c770>, verb_extension=<colcon_core.verb.build.BuildVerb object at 0x70bca2922570>, main=<bound method BuildVerb.main of <colcon_core.verb.build.BuildVerb object at 0x70bca2922570>>, mixin_verb=('build',))
[0.343s] Level 1:colcon.colcon_core.package_discovery:discover_packages(colcon_meta) check parameters
[0.343s] Level 1:colcon.colcon_core.package_discovery:discover_packages(recursive) check parameters
[0.343s] Level 1:colcon.colcon_core.package_discovery:discover_packages(ignore) check parameters
[0.343s] Level 1:colcon.colcon_core.package_discovery:discover_packages(path) check parameters
[0.343s] Level 1:colcon.colcon_core.package_discovery:discover_packages(colcon_meta) discover
[0.343s] Level 1:colcon.colcon_core.package_discovery:discover_packages(recursive) discover
[0.343s] INFO:colcon.colcon_core.package_discovery:Crawling recursively for packages in '/home/samuel/Roboticaclase/ultrason_ws/scr'
[0.344s] Level 1:colcon.colcon_core.package_identification:_identify(.) by extensions ['ignore', 'ignore_ament_install']
[0.344s] Level 1:colcon.colcon_core.package_identification:_identify(.) by extension 'ignore'
[0.344s] Level 1:colcon.colcon_core.package_identification:_identify(.) by extension 'ignore_ament_install'
[0.344s] Level 1:colcon.colcon_core.package_identification:_identify(.) by extensions ['colcon_pkg']
[0.344s] Level 1:colcon.colcon_core.package_identification:_identify(.) by extension 'colcon_pkg'
[0.344s] Level 1:colcon.colcon_core.package_identification:_identify(.) by extensions ['colcon_meta']
[0.344s] Level 1:colcon.colcon_core.package_identification:_identify(.) by extension 'colcon_meta'
[0.345s] Level 1:colcon.colcon_core.package_identification:_identify(.) by extensions ['ros']
[0.345s] Level 1:colcon.colcon_core.package_identification:_identify(.) by extension 'ros'
[0.404s] Level 1:colcon.colcon_core.package_identification:_identify(.) by extensions ['cmake', 'python']
[0.404s] Level 1:colcon.colcon_core.package_identification:_identify(.) by extension 'cmake'
[0.405s] Level 1:colcon.colcon_core.package_identification:_identify(.) by extension 'python'
[0.405s] Level 1:colcon.colcon_core.package_identification:_identify(.) by extensions ['python_setup_py']
[0.405s] Level 1:colcon.colcon_core.package_identification:_identify(.) by extension 'python_setup_py'
[0.405s] Level 1:colcon.colcon_core.package_identification:_identify(build) by extensions ['ignore', 'ignore_ament_install']
[0.405s] Level 1:colcon.colcon_core.package_identification:_identify(build) by extension 'ignore'
[0.405s] Level 1:colcon.colcon_core.package_identification:_identify(build) ignored
[0.406s] Level 1:colcon.colcon_core.package_identification:_identify(install) by extensions ['ignore', 'ignore_ament_install']
[0.406s] Level 1:colcon.colcon_core.package_identification:_identify(install) by extension 'ignore'
[0.406s] Level 1:colcon.colcon_core.package_identification:_identify(install) ignored
[0.406s] Level 1:colcon.colcon_core.package_identification:_identify(log) by extensions ['ignore', 'ignore_ament_install']
[0.406s] Level 1:colcon.colcon_core.package_identification:_identify(log) by extension 'ignore'
[0.406s] Level 1:colcon.colcon_core.package_identification:_identify(log) ignored
[0.406s] Level 1:colcon.colcon_core.package_identification:_identify(obstaculo) by extensions ['ignore', 'ignore_ament_install']
[0.407s] Level 1:colcon.colcon_core.package_identification:_identify(obstaculo) by extension 'ignore'
[0.407s] Level 1:colcon.colcon_core.package_identification:_identify(obstaculo) by extension 'ignore_ament_install'
[0.407s] Level 1:colcon.colcon_core.package_identification:_identify(obstaculo) by extensions ['colcon_pkg']
[0.407s] Level 1:colcon.colcon_core.package_identification:_identify(obstaculo) by extension 'colcon_pkg'
[0.407s] Level 1:colcon.colcon_core.package_identification:_identify(obstaculo) by extensions ['colcon_meta']
[0.407s] Level 1:colcon.colcon_core.package_identification:_identify(obstaculo) by extension 'colcon_meta'
[0.407s] Level 1:colcon.colcon_core.package_identification:_identify(obstaculo) by extensions ['ros']
[0.407s] Level 1:colcon.colcon_core.package_identification:_identify(obstaculo) by extension 'ros'
[0.422s] DEBUG:colcon.colcon_core.package_identification:Package 'obstaculo' with type 'ros.ament_python' and name 'obstaculo'
[0.422s] Level 1:colcon.colcon_core.package_identification:_identify(ultrasonido) by extensions ['ignore', 'ignore_ament_install']
[0.422s] Level 1:colcon.colcon_core.package_identification:_identify(ultrasonido) by extension 'ignore'
[0.422s] Level 1:colcon.colcon_core.package_identification:_identify(ultrasonido) by extension 'ignore_ament_install'
[0.422s] Level 1:colcon.colcon_core.package_identification:_identify(ultrasonido) by extensions ['colcon_pkg']
[0.423s] Level 1:colcon.colcon_core.package_identification:_identify(ultrasonido) by extension 'colcon_pkg'
[0.423s] Level 1:colcon.colcon_core.package_identification:_identify(ultrasonido) by extensions ['colcon_meta']
[0.423s] Level 1:colcon.colcon_core.package_identification:_identify(ultrasonido) by extension 'colcon_meta'
[0.423s] Level 1:colcon.colcon_core.package_identification:_identify(ultrasonido) by extensions ['ros']
[0.423s] Level 1:colcon.colcon_core.package_identification:_identify(ultrasonido) by extension 'ros'
[0.424s] DEBUG:colcon.colcon_core.package_identification:Package 'ultrasonido' with type 'ros.ament_python' and name 'ultrasonido'
[0.424s] Level 1:colcon.colcon_core.package_discovery:discover_packages(recursive) using defaults
[0.424s] Level 1:colcon.colcon_core.package_discovery:discover_packages(ignore) discover
[0.424s] Level 1:colcon.colcon_core.package_discovery:discover_packages(ignore) using defaults
[0.424s] Level 1:colcon.colcon_core.package_discovery:discover_packages(path) discover
[0.424s] Level 1:colcon.colcon_core.package_discovery:discover_packages(path) using defaults
[0.467s] Level 1:colcon.colcon_core.package_discovery:discover_packages(prefix_path) check parameters
[0.467s] Level 1:colcon.colcon_core.package_discovery:discover_packages(prefix_path) discover
[0.470s] DEBUG:colcon.colcon_installed_package_information.package_discovery:Found 0 installed packages in /home/samuel/Roboticaclase/ultrason_ws/install
[0.473s] DEBUG:colcon.colcon_installed_package_information.package_discovery:Found 286 installed packages in /opt/ros/jazzy
[0.475s] Level 1:colcon.colcon_core.package_discovery:discover_packages(prefix_path) using defaults
[0.567s] Level 5:colcon.colcon_core.verb:set package 'obstaculo' build argument 'cmake_args' from command line to 'None'
[0.567s] Level 5:colcon.colcon_core.verb:set package 'obstaculo' build argument 'cmake_target' from command line to 'None'
[0.567s] Level 5:colcon.colcon_core.verb:set package 'obstaculo' build argument 'cmake_target_skip_unavailable' from command line to 'False'
[0.567s] Level 5:colcon.colcon_core.verb:set package 'obstaculo' build argument 'cmake_clean_cache' from command line to 'False'
[0.567s] Level 5:colcon.colcon_core.verb:set package 'obstaculo' build argument 'cmake_clean_first' from command line to 'False'
[0.567s] Level 5:colcon.colcon_core.verb:set package 'obstaculo' build argument 'cmake_force_configure' from command line to 'False'
[0.567s] Level 5:colcon.colcon_core.verb:set package 'obstaculo' build argument 'ament_cmake_args' from command line to 'None'
[0.567s] Level 5:colcon.colcon_core.verb:set package 'obstaculo' build argument 'catkin_cmake_args' from command line to 'None'
[0.567s] Level 5:colcon.colcon_core.verb:set package 'obstaculo' build argument 'catkin_skip_building_tests' from command line to 'False'
[0.568s] DEBUG:colcon.colcon_core.verb:Building package 'obstaculo' with the following arguments: {'ament_cmake_args': None, 'build_base': '/home/samuel/Roboticaclase/ultrason_ws/scr/build/obstaculo', 'catkin_cmake_args': None, 'catkin_skip_building_tests': False, 'cmake_args': None, 'cmake_clean_cache': False, 'cmake_clean_first': False, 'cmake_force_configure': False, 'cmake_target': None, 'cmake_target_skip_unavailable': False, 'install_base': '/home/samuel/Roboticaclase/ultrason_ws/scr/install/obstaculo', 'merge_install': False, 'path': '/home/samuel/Roboticaclase/ultrason_ws/scr/obstaculo', 'symlink_install': False, 'test_result_base': None}
[0.568s] Level 5:colcon.colcon_core.verb:set package 'ultrasonido' build argument 'cmake_args' from command line to 'None'
[0.568s] Level 5:colcon.colcon_core.verb:set package 'ultrasonido' build argument 'cmake_target' from command line to 'None'
[0.568s] Level 5:colcon.colcon_core.verb:set package 'ultrasonido' build argument 'cmake_target_skip_unavailable' from command line to 'False'
[0.568s] Level 5:colcon.colcon_core.verb:set package 'ultrasonido' build argument 'cmake_clean_cache' from command line to 'False'
[0.568s] Level 5:colcon.colcon_core.verb:set package 'ultrasonido' build argument 'cmake_clean_first' from command line to 'False'
[0.568s] Level 5:colcon.colcon_core.verb:set package 'ultrasonido' build argument 'cmake_force_configure' from command line to 'False'
[0.568s] Level 5:colcon.colcon_core.verb:set package 'ultrasonido' build argument 'ament_cmake_args' from command line to 'None'
[0.568s] Level 5:colcon.colcon_core.verb:set package 'ultrasonido' build argument 'catkin_cmake_args' from command line to 'None'
[0.568s] Level 5:colcon.colcon_core.verb:set package 'ultrasonido' build argument 'catkin_skip_building_tests' from command line to 'False'
[0.569s] DEBUG:colcon.colcon_core.verb:Building package 'ultrasonido' with the following arguments: {'ament_cmake_args': None, 'build_base': '/home/samuel/Roboticaclase/ultrason_ws/scr/build/ultrasonido', 'catkin_cmake_args': None, 'catkin_skip_building_tests': False, 'cmake_args': None, 'cmake_clean_cache': False, 'cmake_clean_first': False, 'cmake_force_configure': False, 'cmake_target': None, 'cmake_target_skip_unavailable': False, 'install_base': '/home/samuel/Roboticaclase/ultrason_ws/scr/install/ultrasonido', 'merge_install': False, 'path': '/home/samuel/Roboticaclase/ultrason_ws/scr/ultrasonido', 'symlink_install': False, 'test_result_base': None}
[0.569s] INFO:colcon.colcon_core.executor:Executing jobs using 'parallel' executor
[0.570s] DEBUG:colcon.colcon_parallel_executor.executor.parallel:run_until_complete
[0.571s] INFO:colcon.colcon_ros.task.ament_python.build:Building ROS package in '/home/samuel/Roboticaclase/ultrason_ws/scr/obstaculo' with build type 'ament_python'
[0.571s] Level 1:colcon.colcon_core.shell:create_environment_hook('obstaculo', 'ament_prefix_path')
[0.575s] INFO:colcon.colcon_core.plugin_system:Skipping extension 'colcon_core.shell.bat': Not used on non-Windows systems
[0.576s] INFO:colcon.colcon_core.shell:Creating environment hook '/home/samuel/Roboticaclase/ultrason_ws/scr/install/obstaculo/share/obstaculo/hook/ament_prefix_path.ps1'
[0.586s] INFO:colcon.colcon_core.shell:Creating environment descriptor '/home/samuel/Roboticaclase/ultrason_ws/scr/install/obstaculo/share/obstaculo/hook/ament_prefix_path.dsv'
[0.587s] INFO:colcon.colcon_core.shell:Creating environment hook '/home/samuel/Roboticaclase/ultrason_ws/scr/install/obstaculo/share/obstaculo/hook/ament_prefix_path.sh'
[0.589s] INFO:colcon.colcon_core.shell:Skip shell extension 'powershell' for command environment: Not usable outside of PowerShell
[0.590s] DEBUG:colcon.colcon_core.shell:Skip shell extension 'dsv' for command environment
[0.597s] INFO:colcon.colcon_ros.task.ament_python.build:Building ROS package in '/home/samuel/Roboticaclase/ultrason_ws/scr/ultrasonido' with build type 'ament_python'
[0.598s] Level 1:colcon.colcon_core.shell:create_environment_hook('ultrasonido', 'ament_prefix_path')
[0.598s] INFO:colcon.colcon_core.shell:Creating environment hook '/home/samuel/Roboticaclase/ultrason_ws/scr/install/ultrasonido/share/ultrasonido/hook/ament_prefix_path.ps1'
[0.600s] INFO:colcon.colcon_core.shell:Creating environment descriptor '/home/samuel/Roboticaclase/ultrason_ws/scr/install/ultrasonido/share/ultrasonido/hook/ament_prefix_path.dsv'
[0.600s] INFO:colcon.colcon_core.shell:Creating environment hook '/home/samuel/Roboticaclase/ultrason_ws/scr/install/ultrasonido/share/ultrasonido/hook/ament_prefix_path.sh'
[0.601s] INFO:colcon.colcon_core.shell:Skip shell extension 'powershell' for command environment: Not usable outside of PowerShell
[0.601s] DEBUG:colcon.colcon_core.shell:Skip shell extension 'dsv' for command environment
[1.123s] INFO:colcon.colcon_core.task.python.build:Building Python package in '/home/samuel/Roboticaclase/ultrason_ws/scr/obstaculo'
[1.124s] INFO:colcon.colcon_core.shell:Skip shell extension 'powershell' for command environment: Not usable outside of PowerShell
[1.124s] DEBUG:colcon.colcon_core.shell:Skip shell extension 'dsv' for command environment
[1.657s] INFO:colcon.colcon_core.task.python.build:Building Python package in '/home/samuel/Roboticaclase/ultrason_ws/scr/ultrasonido'
[1.657s] INFO:colcon.colcon_core.shell:Skip shell extension 'powershell' for command environment: Not usable outside of PowerShell
[1.657s] DEBUG:colcon.colcon_core.shell:Skip shell extension 'dsv' for command environment
[3.183s] DEBUG:colcon.colcon_core.event_handler.log_command:Invoking command in '/home/samuel/Roboticaclase/ultrason_ws/scr/obstaculo': DEBUGINFOD_URLS=https://debuginfod.ubuntu.com PYTHONPATH=/home/samuel/Roboticaclase/ultrason_ws/scr/build/obstaculo/prefix_override:/usr/lib/python3/dist-packages/colcon_core/task/python/colcon_distutils_commands:/home/samuel/Roboticaclase/ultrason_ws/scr/install/obstaculo/lib/python3.12/site-packages:${PYTHONPATH} /usr/bin/python3 -W ignore:setup.py install is deprecated -W ignore:easy_install command is deprecated setup.py egg_info --egg-base ../build/obstaculo build --build-base /home/samuel/Roboticaclase/ultrason_ws/scr/build/obstaculo/build install --record /home/samuel/Roboticaclase/ultrason_ws/scr/build/obstaculo/install.log --single-version-externally-managed install_data
[3.201s] DEBUG:colcon.colcon_core.event_handler.log_command:Invoking command in '/home/samuel/Roboticaclase/ultrason_ws/scr/ultrasonido': DEBUGINFOD_URLS=https://debuginfod.ubuntu.com PYTHONPATH=/home/samuel/Roboticaclase/ultrason_ws/scr/build/ultrasonido/prefix_override:/usr/lib/python3/dist-packages/colcon_core/task/python/colcon_distutils_commands:/home/samuel/Roboticaclase/ultrason_ws/scr/install/ultrasonido/lib/python3.12/site-packages:${PYTHONPATH} /usr/bin/python3 -W ignore:setup.py install is deprecated -W ignore:easy_install command is deprecated setup.py egg_info --egg-base ../build/ultrasonido build --build-base /home/samuel/Roboticaclase/ultrason_ws/scr/build/ultrasonido/build install --record /home/samuel/Roboticaclase/ultrason_ws/scr/build/ultrasonido/install.log --single-version-externally-managed install_data
[4.402s] DEBUG:colcon.colcon_core.event_handler.log_command:Invoked command in '/home/samuel/Roboticaclase/ultrason_ws/scr/obstaculo' returned '0': DEBUGINFOD_URLS=https://debuginfod.ubuntu.com PYTHONPATH=/home/samuel/Roboticaclase/ultrason_ws/scr/build/obstaculo/prefix_override:/usr/lib/python3/dist-packages/colcon_core/task/python/colcon_distutils_commands:/home/samuel/Roboticaclase/ultrason_ws/scr/install/obstaculo/lib/python3.12/site-packages:${PYTHONPATH} /usr/bin/python3 -W ignore:setup.py install is deprecated -W ignore:easy_install command is deprecated setup.py egg_info --egg-base ../build/obstaculo build --build-base /home/samuel/Roboticaclase/ultrason_ws/scr/build/obstaculo/build install --record /home/samuel/Roboticaclase/ultrason_ws/scr/build/obstaculo/install.log --single-version-externally-managed install_data
[4.411s] Level 1:colcon.colcon_core.environment:checking '/home/samuel/Roboticaclase/ultrason_ws/scr/install/obstaculo' for CMake module files
[4.412s] Level 1:colcon.colcon_core.environment:checking '/home/samuel/Roboticaclase/ultrason_ws/scr/install/obstaculo' for CMake config files
[4.414s] Level 1:colcon.colcon_core.environment:checking '/home/samuel/Roboticaclase/ultrason_ws/scr/install/obstaculo/lib'
[4.414s] Level 1:colcon.colcon_core.environment:checking '/home/samuel/Roboticaclase/ultrason_ws/scr/install/obstaculo/bin'
[4.414s] Level 1:colcon.colcon_core.environment:checking '/home/samuel/Roboticaclase/ultrason_ws/scr/install/obstaculo/lib/pkgconfig/obstaculo.pc'
[4.415s] Level 1:colcon.colcon_core.environment:checking '/home/samuel/Roboticaclase/ultrason_ws/scr/install/obstaculo/lib/python3.12/site-packages'
[4.415s] Level 1:colcon.colcon_core.shell:create_environment_hook('obstaculo', 'pythonpath')
[4.415s] INFO:colcon.colcon_core.shell:Creating environment hook '/home/samuel/Roboticaclase/ultrason_ws/scr/install/obstaculo/share/obstaculo/hook/pythonpath.ps1'
[4.416s] INFO:colcon.colcon_core.shell:Creating environment descriptor '/home/samuel/Roboticaclase/ultrason_ws/scr/install/obstaculo/share/obstaculo/hook/pythonpath.dsv'
[4.417s] INFO:colcon.colcon_core.shell:Creating environment hook '/home/samuel/Roboticaclase/ultrason_ws/scr/install/obstaculo/share/obstaculo/hook/pythonpath.sh'
[4.419s] Level 1:colcon.colcon_core.environment:checking '/home/samuel/Roboticaclase/ultrason_ws/scr/install/obstaculo/bin'
[4.419s] Level 1:colcon.colcon_core.environment:create_environment_scripts_only(obstaculo)
[4.419s] INFO:colcon.colcon_core.shell:Creating package script '/home/samuel/Roboticaclase/ultrason_ws/scr/install/obstaculo/share/obstaculo/package.ps1'
[4.421s] INFO:colcon.colcon_core.shell:Creating package descriptor '/home/samuel/Roboticaclase/ultrason_ws/scr/install/obstaculo/share/obstaculo/package.dsv'
[4.422s] INFO:colcon.colcon_core.shell:Creating package script '/home/samuel/Roboticaclase/ultrason_ws/scr/install/obstaculo/share/obstaculo/package.sh'
[4.424s] INFO:colcon.colcon_core.shell:Creating package script '/home/samuel/Roboticaclase/ultrason_ws/scr/install/obstaculo/share/obstaculo/package.bash'
[4.425s] INFO:colcon.colcon_core.shell:Creating package script '/home/samuel/Roboticaclase/ultrason_ws/scr/install/obstaculo/share/obstaculo/package.zsh'
[4.427s] Level 1:colcon.colcon_core.environment:create_file_with_runtime_dependencies(/home/samuel/Roboticaclase/ultrason_ws/scr/install/obstaculo/share/colcon-core/packages/obstaculo)
[4.482s] Level 1:colcon.colcon_core.environment:checking '/home/samuel/Roboticaclase/ultrason_ws/scr/install/ultrasonido' for CMake module files
[4.484s] DEBUG:colcon.colcon_core.event_handler.log_command:Invoked command in '/home/samuel/Roboticaclase/ultrason_ws/scr/ultrasonido' returned '0': DEBUGINFOD_URLS=https://debuginfod.ubuntu.com PYTHONPATH=/home/samuel/Roboticaclase/ultrason_ws/scr/build/ultrasonido/prefix_override:/usr/lib/python3/dist-packages/colcon_core/task/python/colcon_distutils_commands:/home/samuel/Roboticaclase/ultrason_ws/scr/install/ultrasonido/lib/python3.12/site-packages:${PYTHONPATH} /usr/bin/python3 -W ignore:setup.py install is deprecated -W ignore:easy_install command is deprecated setup.py egg_info --egg-base ../build/ultrasonido build --build-base /home/samuel/Roboticaclase/ultrason_ws/scr/build/ultrasonido/build install --record /home/samuel/Roboticaclase/ultrason_ws/scr/build/ultrasonido/install.log --single-version-externally-managed install_data
[4.485s] Level 1:colcon.colcon_core.environment:checking '/home/samuel/Roboticaclase/ultrason_ws/scr/install/ultrasonido' for CMake config files
[4.486s] Level 1:colcon.colcon_core.environment:checking '/home/samuel/Roboticaclase/ultrason_ws/scr/install/ultrasonido/lib'
[4.486s] Level 1:colcon.colcon_core.environment:checking '/home/samuel/Roboticaclase/ultrason_ws/scr/install/ultrasonido/bin'
[4.486s] Level 1:colcon.colcon_core.environment:checking '/home/samuel/Roboticaclase/ultrason_ws/scr/install/ultrasonido/lib/pkgconfig/ultrasonido.pc'
[4.487s] Level 1:colcon.colcon_core.environment:checking '/home/samuel/Roboticaclase/ultrason_ws/scr/install/ultrasonido/lib/python3.12/site-packages'
[4.487s] Level 1:colcon.colcon_core.shell:create_environment_hook('ultrasonido', 'pythonpath')
[4.487s] INFO:colcon.colcon_core.shell:Creating environment hook '/home/samuel/Roboticaclase/ultrason_ws/scr/install/ultrasonido/share/ultrasonido/hook/pythonpath.ps1'
[4.489s] INFO:colcon.colcon_core.shell:Creating environment descriptor '/home/samuel/Roboticaclase/ultrason_ws/scr/install/ultrasonido/share/ultrasonido/hook/pythonpath.dsv'
[4.490s] INFO:colcon.colcon_core.shell:Creating environment hook '/home/samuel/Roboticaclase/ultrason_ws/scr/install/ultrasonido/share/ultrasonido/hook/pythonpath.sh'
[4.493s] Level 1:colcon.colcon_core.environment:checking '/home/samuel/Roboticaclase/ultrason_ws/scr/install/ultrasonido/bin'
[4.493s] Level 1:colcon.colcon_core.environment:create_environment_scripts_only(ultrasonido)
[4.493s] INFO:colcon.colcon_core.shell:Creating package script '/home/samuel/Roboticaclase/ultrason_ws/scr/install/ultrasonido/share/ultrasonido/package.ps1'
[4.495s] INFO:colcon.colcon_core.shell:Creating package descriptor '/home/samuel/Roboticaclase/ultrason_ws/scr/install/ultrasonido/share/ultrasonido/package.dsv'
[4.496s] INFO:colcon.colcon_core.shell:Creating package script '/home/samuel/Roboticaclase/ultrason_ws/scr/install/ultrasonido/share/ultrasonido/package.sh'
[4.497s] INFO:colcon.colcon_core.shell:Creating package script '/home/samuel/Roboticaclase/ultrason_ws/scr/install/ultrasonido/share/ultrasonido/package.bash'
[4.497s] INFO:colcon.colcon_core.shell:Creating package script '/home/samuel/Roboticaclase/ultrason_ws/scr/install/ultrasonido/share/ultrasonido/package.zsh'
[4.498s] Level 1:colcon.colcon_core.environment:create_file_with_runtime_dependencies(/home/samuel/Roboticaclase/ultrason_ws/scr/install/ultrasonido/share/colcon-core/packages/ultrasonido)
[4.499s] DEBUG:colcon.colcon_parallel_executor.executor.parallel:closing loop
[4.500s] DEBUG:colcon.colcon_parallel_executor.executor.parallel:loop closed
[4.500s] DEBUG:colcon.colcon_parallel_executor.executor.parallel:run_until_complete finished with '0'
[4.500s] DEBUG:colcon.colcon_core.event_reactor:joining thread
[4.513s] INFO:colcon.colcon_core.plugin_system:Skipping extension 'colcon_notification.desktop_notification.terminal_notifier': Not used on non-Darwin systems
[4.513s] INFO:colcon.colcon_core.plugin_system:Skipping extension 'colcon_notification.desktop_notification.win32': Not used on non-Windows systems
[4.513s] INFO:colcon.colcon_notification.desktop_notification:Sending desktop notification using 'notify2'
[4.556s] DEBUG:colcon.colcon_core.event_reactor:joined thread
[4.556s] INFO:colcon.colcon_core.shell:Creating prefix script '/home/samuel/Roboticaclase/ultrason_ws/scr/install/local_setup.ps1'
[4.558s] INFO:colcon.colcon_core.shell:Creating prefix util module '/home/samuel/Roboticaclase/ultrason_ws/scr/install/_local_setup_util_ps1.py'
[4.561s] INFO:colcon.colcon_core.shell:Creating prefix chain script '/home/samuel/Roboticaclase/ultrason_ws/scr/install/setup.ps1'
[4.562s] INFO:colcon.colcon_core.shell:Creating prefix script '/home/samuel/Roboticaclase/ultrason_ws/scr/install/local_setup.sh'
[4.563s] INFO:colcon.colcon_core.shell:Creating prefix util module '/home/samuel/Roboticaclase/ultrason_ws/scr/install/_local_setup_util_sh.py'
[4.564s] INFO:colcon.colcon_core.shell:Creating prefix chain script '/home/samuel/Roboticaclase/ultrason_ws/scr/install/setup.sh'
[4.566s] INFO:colcon.colcon_core.shell:Creating prefix script '/home/samuel/Roboticaclase/ultrason_ws/scr/install/local_setup.bash'
[4.567s] INFO:colcon.colcon_core.shell:Creating prefix chain script '/home/samuel/Roboticaclase/ultrason_ws/scr/install/setup.bash'
[4.569s] INFO:colcon.colcon_core.shell:Creating prefix script '/home/samuel/Roboticaclase/ultrason_ws/scr/install/local_setup.zsh'
[4.570s] INFO:colcon.colcon_core.shell:Creating prefix chain script '/home/samuel/Roboticaclase/ultrason_ws/scr/install/setup.zsh'
