[0.258s] DEBUG:colcon:Command line arguments: ['/usr/bin/colcon', 'build']
[0.259s] DEBUG:colcon:Parsed command line arguments: Namespace(log_base=None, log_level=None, verb_name='build', build_base='build', install_base='install', merge_install=False, symlink_install=False, test_result_base=None, continue_on_error=False, executor='parallel', parallel_workers=16, event_handlers=None, ignore_user_meta=False, metas=['./colcon.meta'], base_paths=['.'], packages_ignore=None, packages_ignore_regex=None, paths=None, packages_up_to=None, packages_up_to_regex=None, packages_above=None, packages_above_and_dependencies=None, packages_above_depth=None, packages_select_by_dep=None, packages_skip_by_dep=None, packages_skip_up_to=None, packages_select_build_failed=False, packages_skip_build_finished=False, packages_select_test_failures=False, packages_skip_test_passed=False, packages_select=None, packages_skip=None, packages_select_regex=None, packages_skip_regex=None, packages_start=None, packages_end=None, allow_overriding=[], cmake_args=None, cmake_target=None, cmake_target_skip_unavailable=False, cmake_clean_cache=False, cmake_clean_first=False, cmake_force_configure=False, ament_cmake_args=None, catkin_cmake_args=None, catkin_skip_building_tests=False, mixin_files=None, mixin=None, verb_parser=<colcon_mixin.mixin.mixin_argument.MixinArgumentDecorator object at 0x76798f190830>, verb_extension=<colcon_core.verb.build.BuildVerb object at 0x76798f11a720>, main=<bound method BuildVerb.main of <colcon_core.verb.build.BuildVerb object at 0x76798f11a720>>, mixin_verb=('build',))
[0.345s] Level 1:colcon.colcon_core.package_discovery:discover_packages(colcon_meta) check parameters
[0.346s] Level 1:colcon.colcon_core.package_discovery:discover_packages(recursive) check parameters
[0.346s] Level 1:colcon.colcon_core.package_discovery:discover_packages(ignore) check parameters
[0.346s] Level 1:colcon.colcon_core.package_discovery:discover_packages(path) check parameters
[0.346s] Level 1:colcon.colcon_core.package_discovery:discover_packages(colcon_meta) discover
[0.346s] Level 1:colcon.colcon_core.package_discovery:discover_packages(recursive) discover
[0.346s] INFO:colcon.colcon_core.package_discovery:Crawling recursively for packages in '/home/samuel/Roboticaclase/ultrason_ws/scr'
[0.347s] Level 1:colcon.colcon_core.package_identification:_identify(.) by extensions ['ignore', 'ignore_ament_install']
[0.347s] Level 1:colcon.colcon_core.package_identification:_identify(.) by extension 'ignore'
[0.347s] Level 1:colcon.colcon_core.package_identification:_identify(.) by extension 'ignore_ament_install'
[0.347s] Level 1:colcon.colcon_core.package_identification:_identify(.) by extensions ['colcon_pkg']
[0.347s] Level 1:colcon.colcon_core.package_identification:_identify(.) by extension 'colcon_pkg'
[0.347s] Level 1:colcon.colcon_core.package_identification:_identify(.) by extensions ['colcon_meta']
[0.347s] Level 1:colcon.colcon_core.package_identification:_identify(.) by extension 'colcon_meta'
[0.347s] Level 1:colcon.colcon_core.package_identification:_identify(.) by extensions ['ros']
[0.347s] Level 1:colcon.colcon_core.package_identification:_identify(.) by extension 'ros'
[0.408s] Level 1:colcon.colcon_core.package_identification:_identify(.) by extensions ['cmake', 'python']
[0.408s] Level 1:colcon.colcon_core.package_identification:_identify(.) by extension 'cmake'
[0.408s] Level 1:colcon.colcon_core.package_identification:_identify(.) by extension 'python'
[0.408s] Level 1:colcon.colcon_core.package_identification:_identify(.) by extensions ['python_setup_py']
[0.408s] Level 1:colcon.colcon_core.package_identification:_identify(.) by extension 'python_setup_py'
[0.409s] Level 1:colcon.colcon_core.package_identification:_identify(build) by extensions ['ignore', 'ignore_ament_install']
[0.409s] Level 1:colcon.colcon_core.package_identification:_identify(build) by extension 'ignore'
[0.409s] Level 1:colcon.colcon_core.package_identification:_identify(build) ignored
[0.409s] Level 1:colcon.colcon_core.package_identification:_identify(install) by extensions ['ignore', 'ignore_ament_install']
[0.410s] Level 1:colcon.colcon_core.package_identification:_identify(install) by extension 'ignore'
[0.410s] Level 1:colcon.colcon_core.package_identification:_identify(install) ignored
[0.410s] Level 1:colcon.colcon_core.package_identification:_identify(log) by extensions ['ignore', 'ignore_ament_install']
[0.410s] Level 1:colcon.colcon_core.package_identification:_identify(log) by extension 'ignore'
[0.410s] Level 1:colcon.colcon_core.package_identification:_identify(log) ignored
[0.410s] Level 1:colcon.colcon_core.package_identification:_identify(obstaculo) by extensions ['ignore', 'ignore_ament_install']
[0.411s] Level 1:colcon.colcon_core.package_identification:_identify(obstaculo) by extension 'ignore'
[0.411s] Level 1:colcon.colcon_core.package_identification:_identify(obstaculo) by extension 'ignore_ament_install'
[0.411s] Level 1:colcon.colcon_core.package_identification:_identify(obstaculo) by extensions ['colcon_pkg']
[0.411s] Level 1:colcon.colcon_core.package_identification:_identify(obstaculo) by extension 'colcon_pkg'
[0.411s] Level 1:colcon.colcon_core.package_identification:_identify(obstaculo) by extensions ['colcon_meta']
[0.411s] Level 1:colcon.colcon_core.package_identification:_identify(obstaculo) by extension 'colcon_meta'
[0.411s] Level 1:colcon.colcon_core.package_identification:_identify(obstaculo) by extensions ['ros']
[0.411s] Level 1:colcon.colcon_core.package_identification:_identify(obstaculo) by extension 'ros'
[0.416s] DEBUG:colcon.colcon_core.package_identification:Package 'obstaculo' with type 'ros.ament_python' and name 'obstaculo'
[0.417s] Level 1:colcon.colcon_core.package_identification:_identify(ultrasonido) by extensions ['ignore', 'ignore_ament_install']
[0.417s] Level 1:colcon.colcon_core.package_identification:_identify(ultrasonido) by extension 'ignore'
[0.417s] Level 1:colcon.colcon_core.package_identification:_identify(ultrasonido) by extension 'ignore_ament_install'
[0.417s] Level 1:colcon.colcon_core.package_identification:_identify(ultrasonido) by extensions ['colcon_pkg']
[0.417s] Level 1:colcon.colcon_core.package_identification:_identify(ultrasonido) by extension 'colcon_pkg'
[0.417s] Level 1:colcon.colcon_core.package_identification:_identify(ultrasonido) by extensions ['colcon_meta']
[0.417s] Level 1:colcon.colcon_core.package_identification:_identify(ultrasonido) by extension 'colcon_meta'
[0.417s] Level 1:colcon.colcon_core.package_identification:_identify(ultrasonido) by extensions ['ros']
[0.417s] Level 1:colcon.colcon_core.package_identification:_identify(ultrasonido) by extension 'ros'
[0.418s] DEBUG:colcon.colcon_core.package_identification:Package 'ultrasonido' with type 'ros.ament_python' and name 'ultrasonido'
[0.419s] Level 1:colcon.colcon_core.package_discovery:discover_packages(recursive) using defaults
[0.419s] Level 1:colcon.colcon_core.package_discovery:discover_packages(ignore) discover
[0.419s] Level 1:colcon.colcon_core.package_discovery:discover_packages(ignore) using defaults
[0.419s] Level 1:colcon.colcon_core.package_discovery:discover_packages(path) discover
[0.419s] Level 1:colcon.colcon_core.package_discovery:discover_packages(path) using defaults
[0.459s] Level 1:colcon.colcon_core.package_discovery:discover_packages(prefix_path) check parameters
[0.459s] Level 1:colcon.colcon_core.package_discovery:discover_packages(prefix_path) discover
[0.462s] DEBUG:colcon.colcon_installed_package_information.package_discovery:Found 2 installed packages in /home/samuel/Roboticaclase/ultrason_ws/scr/install
[0.466s] DEBUG:colcon.colcon_installed_package_information.package_discovery:Found 286 installed packages in /opt/ros/jazzy
[0.467s] Level 1:colcon.colcon_core.package_discovery:discover_packages(prefix_path) using defaults
[0.557s] Level 5:colcon.colcon_core.verb:set package 'obstaculo' build argument 'cmake_args' from command line to 'None'
[0.557s] Level 5:colcon.colcon_core.verb:set package 'obstaculo' build argument 'cmake_target' from command line to 'None'
[0.557s] Level 5:colcon.colcon_core.verb:set package 'obstaculo' build argument 'cmake_target_skip_unavailable' from command line to 'False'
[0.557s] Level 5:colcon.colcon_core.verb:set package 'obstaculo' build argument 'cmake_clean_cache' from command line to 'False'
[0.557s] Level 5:colcon.colcon_core.verb:set package 'obstaculo' build argument 'cmake_clean_first' from command line to 'False'
[0.557s] Level 5:colcon.colcon_core.verb:set package 'obstaculo' build argument 'cmake_force_configure' from command line to 'False'
[0.557s] Level 5:colcon.colcon_core.verb:set package 'obstaculo' build argument 'ament_cmake_args' from command line to 'None'
[0.557s] Level 5:colcon.colcon_core.verb:set package 'obstaculo' build argument 'catkin_cmake_args' from command line to 'None'
[0.557s] Level 5:colcon.colcon_core.verb:set package 'obstaculo' build argument 'catkin_skip_building_tests' from command line to 'False'
[0.557s] DEBUG:colcon.colcon_core.verb:Building package 'obstaculo' with the following arguments: {'ament_cmake_args': None, 'build_base': '/home/samuel/Roboticaclase/ultrason_ws/scr/build/obstaculo', 'catkin_cmake_args': None, 'catkin_skip_building_tests': False, 'cmake_args': None, 'cmake_clean_cache': False, 'cmake_clean_first': False, 'cmake_force_configure': False, 'cmake_target': None, 'cmake_target_skip_unavailable': False, 'install_base': '/home/samuel/Roboticaclase/ultrason_ws/scr/install/obstaculo', 'merge_install': False, 'path': '/home/samuel/Roboticaclase/ultrason_ws/scr/obstaculo', 'symlink_install': False, 'test_result_base': None}
[0.558s] Level 5:colcon.colcon_core.verb:set package 'ultrasonido' build argument 'cmake_args' from command line to 'None'
[0.558s] Level 5:colcon.colcon_core.verb:set package 'ultrasonido' build argument 'cmake_target' from command line to 'None'
[0.558s] Level 5:colcon.colcon_core.verb:set package 'ultrasonido' build argument 'cmake_target_skip_unavailable' from command line to 'False'
[0.558s] Level 5:colcon.colcon_core.verb:set package 'ultrasonido' build argument 'cmake_clean_cache' from command line to 'False'
[0.558s] Level 5:colcon.colcon_core.verb:set package 'ultrasonido' build argument 'cmake_clean_first' from command line to 'False'
[0.558s] Level 5:colcon.colcon_core.verb:set package 'ultrasonido' build argument 'cmake_force_configure' from command line to 'False'
[0.558s] Level 5:colcon.colcon_core.verb:set package 'ultrasonido' build argument 'ament_cmake_args' from command line to 'None'
[0.558s] Level 5:colcon.colcon_core.verb:set package 'ultrasonido' build argument 'catkin_cmake_args' from command line to 'None'
[0.558s] Level 5:colcon.colcon_core.verb:set package 'ultrasonido' build argument 'catkin_skip_building_tests' from command line to 'False'
[0.558s] DEBUG:colcon.colcon_core.verb:Building package 'ultrasonido' with the following arguments: {'ament_cmake_args': None, 'build_base': '/home/samuel/Roboticaclase/ultrason_ws/scr/build/ultrasonido', 'catkin_cmake_args': None, 'catkin_skip_building_tests': False, 'cmake_args': None, 'cmake_clean_cache': False, 'cmake_clean_first': False, 'cmake_force_configure': False, 'cmake_target': None, 'cmake_target_skip_unavailable': False, 'install_base': '/home/samuel/Roboticaclase/ultrason_ws/scr/install/ultrasonido', 'merge_install': False, 'path': '/home/samuel/Roboticaclase/ultrason_ws/scr/ultrasonido', 'symlink_install': False, 'test_result_base': None}
[0.559s] INFO:colcon.colcon_core.executor:Executing jobs using 'parallel' executor
[0.560s] DEBUG:colcon.colcon_parallel_executor.executor.parallel:run_until_complete
[0.561s] INFO:colcon.colcon_ros.task.ament_python.build:Building ROS package in '/home/samuel/Roboticaclase/ultrason_ws/scr/obstaculo' with build type 'ament_python'
[0.561s] Level 1:colcon.colcon_core.shell:create_environment_hook('obstaculo', 'ament_prefix_path')
[0.565s] INFO:colcon.colcon_core.plugin_system:Skipping extension 'colcon_core.shell.bat': Not used on non-Windows systems
[0.566s] INFO:colcon.colcon_core.shell:Creating environment hook '/home/samuel/Roboticaclase/ultrason_ws/scr/install/obstaculo/share/obstaculo/hook/ament_prefix_path.ps1'
[0.567s] INFO:colcon.colcon_core.shell:Creating environment descriptor '/home/samuel/Roboticaclase/ultrason_ws/scr/install/obstaculo/share/obstaculo/hook/ament_prefix_path.dsv'
[0.569s] INFO:colcon.colcon_core.shell:Creating environment hook '/home/samuel/Roboticaclase/ultrason_ws/scr/install/obstaculo/share/obstaculo/hook/ament_prefix_path.sh'
[0.570s] INFO:colcon.colcon_core.shell:Skip shell extension 'powershell' for command environment: Not usable outside of PowerShell
[0.570s] DEBUG:colcon.colcon_core.shell:Skip shell extension 'dsv' for command environment
[0.577s] INFO:colcon.colcon_ros.task.ament_python.build:Building ROS package in '/home/samuel/Roboticaclase/ultrason_ws/scr/ultrasonido' with build type 'ament_python'
[0.577s] Level 1:colcon.colcon_core.shell:create_environment_hook('ultrasonido', 'ament_prefix_path')
[0.578s] INFO:colcon.colcon_core.shell:Creating environment hook '/home/samuel/Roboticaclase/ultrason_ws/scr/install/ultrasonido/share/ultrasonido/hook/ament_prefix_path.ps1'
[0.579s] INFO:colcon.colcon_core.shell:Creating environment descriptor '/home/samuel/Roboticaclase/ultrason_ws/scr/install/ultrasonido/share/ultrasonido/hook/ament_prefix_path.dsv'
[0.580s] INFO:colcon.colcon_core.shell:Creating environment hook '/home/samuel/Roboticaclase/ultrason_ws/scr/install/ultrasonido/share/ultrasonido/hook/ament_prefix_path.sh'
[0.581s] INFO:colcon.colcon_core.shell:Skip shell extension 'powershell' for command environment: Not usable outside of PowerShell
[0.581s] DEBUG:colcon.colcon_core.shell:Skip shell extension 'dsv' for command environment
[1.077s] INFO:colcon.colcon_core.task.python.build:Building Python package in '/home/samuel/Roboticaclase/ultrason_ws/scr/obstaculo'
[1.078s] INFO:colcon.colcon_core.shell:Skip shell extension 'powershell' for command environment: Not usable outside of PowerShell
[1.078s] DEBUG:colcon.colcon_core.shell:Skip shell extension 'dsv' for command environment
[1.544s] INFO:colcon.colcon_core.task.python.build:Building Python package in '/home/samuel/Roboticaclase/ultrason_ws/scr/ultrasonido'
[1.544s] INFO:colcon.colcon_core.shell:Skip shell extension 'powershell' for command environment: Not usable outside of PowerShell
[1.544s] DEBUG:colcon.colcon_core.shell:Skip shell extension 'dsv' for command environment
[2.810s] DEBUG:colcon.colcon_core.event_handler.log_command:Invoking command in '/home/samuel/Roboticaclase/ultrason_ws/scr/ultrasonido': DEBUGINFOD_URLS=https://debuginfod.ubuntu.com PYTHONPATH=/home/samuel/Roboticaclase/ultrason_ws/scr/build/ultrasonido/prefix_override:/usr/lib/python3/dist-packages/colcon_core/task/python/colcon_distutils_commands:/home/samuel/Roboticaclase/ultrason_ws/scr/install/ultrasonido/lib/python3.12/site-packages:${PYTHONPATH} /usr/bin/python3 -W ignore:setup.py install is deprecated -W ignore:easy_install command is deprecated setup.py egg_info --egg-base ../build/ultrasonido build --build-base /home/samuel/Roboticaclase/ultrason_ws/scr/build/ultrasonido/build install --record /home/samuel/Roboticaclase/ultrason_ws/scr/build/ultrasonido/install.log --single-version-externally-managed install_data
[2.826s] DEBUG:colcon.colcon_core.event_handler.log_command:Invoking command in '/home/samuel/Roboticaclase/ultrason_ws/scr/obstaculo': DEBUGINFOD_URLS=https://debuginfod.ubuntu.com PYTHONPATH=/home/samuel/Roboticaclase/ultrason_ws/scr/build/obstaculo/prefix_override:/usr/lib/python3/dist-packages/colcon_core/task/python/colcon_distutils_commands:/home/samuel/Roboticaclase/ultrason_ws/scr/install/obstaculo/lib/python3.12/site-packages:${PYTHONPATH} /usr/bin/python3 -W ignore:setup.py install is deprecated -W ignore:easy_install command is deprecated setup.py egg_info --egg-base ../build/obstaculo build --build-base /home/samuel/Roboticaclase/ultrason_ws/scr/build/obstaculo/build install --record /home/samuel/Roboticaclase/ultrason_ws/scr/build/obstaculo/install.log --single-version-externally-managed install_data
[4.063s] DEBUG:colcon.colcon_core.event_handler.log_command:Invoked command in '/home/samuel/Roboticaclase/ultrason_ws/scr/ultrasonido' returned '0': DEBUGINFOD_URLS=https://debuginfod.ubuntu.com PYTHONPATH=/home/samuel/Roboticaclase/ultrason_ws/scr/build/ultrasonido/prefix_override:/usr/lib/python3/dist-packages/colcon_core/task/python/colcon_distutils_commands:/home/samuel/Roboticaclase/ultrason_ws/scr/install/ultrasonido/lib/python3.12/site-packages:${PYTHONPATH} /usr/bin/python3 -W ignore:setup.py install is deprecated -W ignore:easy_install command is deprecated setup.py egg_info --egg-base ../build/ultrasonido build --build-base /home/samuel/Roboticaclase/ultrason_ws/scr/build/ultrasonido/build install --record /home/samuel/Roboticaclase/ultrason_ws/scr/build/ultrasonido/install.log --single-version-externally-managed install_data
[4.067s] Level 1:colcon.colcon_core.environment:checking '/home/samuel/Roboticaclase/ultrason_ws/scr/install/ultrasonido' for CMake module files
[4.068s] Level 1:colcon.colcon_core.environment:checking '/home/samuel/Roboticaclase/ultrason_ws/scr/install/ultrasonido' for CMake config files
[4.070s] Level 1:colcon.colcon_core.environment:checking '/home/samuel/Roboticaclase/ultrason_ws/scr/install/ultrasonido/lib'
[4.070s] Level 1:colcon.colcon_core.environment:checking '/home/samuel/Roboticaclase/ultrason_ws/scr/install/ultrasonido/bin'
[4.070s] Level 1:colcon.colcon_core.environment:checking '/home/samuel/Roboticaclase/ultrason_ws/scr/install/ultrasonido/lib/pkgconfig/ultrasonido.pc'
[4.071s] Level 1:colcon.colcon_core.environment:checking '/home/samuel/Roboticaclase/ultrason_ws/scr/install/ultrasonido/lib/python3.12/site-packages'
[4.071s] Level 1:colcon.colcon_core.shell:create_environment_hook('ultrasonido', 'pythonpath')
[4.071s] INFO:colcon.colcon_core.shell:Creating environment hook '/home/samuel/Roboticaclase/ultrason_ws/scr/install/ultrasonido/share/ultrasonido/hook/pythonpath.ps1'
[4.072s] INFO:colcon.colcon_core.shell:Creating environment descriptor '/home/samuel/Roboticaclase/ultrason_ws/scr/install/ultrasonido/share/ultrasonido/hook/pythonpath.dsv'
[4.073s] INFO:colcon.colcon_core.shell:Creating environment hook '/home/samuel/Roboticaclase/ultrason_ws/scr/install/ultrasonido/share/ultrasonido/hook/pythonpath.sh'
[4.074s] Level 1:colcon.colcon_core.environment:checking '/home/samuel/Roboticaclase/ultrason_ws/scr/install/ultrasonido/bin'
[4.075s] Level 1:colcon.colcon_core.environment:create_environment_scripts_only(ultrasonido)
[4.076s] INFO:colcon.colcon_core.shell:Creating package script '/home/samuel/Roboticaclase/ultrason_ws/scr/install/ultrasonido/share/ultrasonido/package.ps1'
[4.077s] INFO:colcon.colcon_core.shell:Creating package descriptor '/home/samuel/Roboticaclase/ultrason_ws/scr/install/ultrasonido/share/ultrasonido/package.dsv'
[4.078s] INFO:colcon.colcon_core.shell:Creating package script '/home/samuel/Roboticaclase/ultrason_ws/scr/install/ultrasonido/share/ultrasonido/package.sh'
[4.080s] INFO:colcon.colcon_core.shell:Creating package script '/home/samuel/Roboticaclase/ultrason_ws/scr/install/ultrasonido/share/ultrasonido/package.bash'
[4.081s] INFO:colcon.colcon_core.shell:Creating package script '/home/samuel/Roboticaclase/ultrason_ws/scr/install/ultrasonido/share/ultrasonido/package.zsh'
[4.082s] Level 1:colcon.colcon_core.environment:create_file_with_runtime_dependencies(/home/samuel/Roboticaclase/ultrason_ws/scr/install/ultrasonido/share/colcon-core/packages/ultrasonido)
[4.104s] Level 1:colcon.colcon_core.environment:checking '/home/samuel/Roboticaclase/ultrason_ws/scr/install/obstaculo' for CMake module files
[4.105s] DEBUG:colcon.colcon_core.event_handler.log_command:Invoked command in '/home/samuel/Roboticaclase/ultrason_ws/scr/obstaculo' returned '0': DEBUGINFOD_URLS=https://debuginfod.ubuntu.com PYTHONPATH=/home/samuel/Roboticaclase/ultrason_ws/scr/build/obstaculo/prefix_override:/usr/lib/python3/dist-packages/colcon_core/task/python/colcon_distutils_commands:/home/samuel/Roboticaclase/ultrason_ws/scr/install/obstaculo/lib/python3.12/site-packages:${PYTHONPATH} /usr/bin/python3 -W ignore:setup.py install is deprecated -W ignore:easy_install command is deprecated setup.py egg_info --egg-base ../build/obstaculo build --build-base /home/samuel/Roboticaclase/ultrason_ws/scr/build/obstaculo/build install --record /home/samuel/Roboticaclase/ultrason_ws/scr/build/obstaculo/install.log --single-version-externally-managed install_data
[4.106s] Level 1:colcon.colcon_core.environment:checking '/home/samuel/Roboticaclase/ultrason_ws/scr/install/obstaculo' for CMake config files
[4.107s] Level 1:colcon.colcon_core.environment:checking '/home/samuel/Roboticaclase/ultrason_ws/scr/install/obstaculo/lib'
[4.107s] Level 1:colcon.colcon_core.environment:checking '/home/samuel/Roboticaclase/ultrason_ws/scr/install/obstaculo/bin'
[4.108s] Level 1:colcon.colcon_core.environment:checking '/home/samuel/Roboticaclase/ultrason_ws/scr/install/obstaculo/lib/pkgconfig/obstaculo.pc'
[4.108s] Level 1:colcon.colcon_core.environment:checking '/home/samuel/Roboticaclase/ultrason_ws/scr/install/obstaculo/lib/python3.12/site-packages'
[4.108s] Level 1:colcon.colcon_core.shell:create_environment_hook('obstaculo', 'pythonpath')
[4.109s] INFO:colcon.colcon_core.shell:Creating environment hook '/home/samuel/Roboticaclase/ultrason_ws/scr/install/obstaculo/share/obstaculo/hook/pythonpath.ps1'
[4.110s] INFO:colcon.colcon_core.shell:Creating environment descriptor '/home/samuel/Roboticaclase/ultrason_ws/scr/install/obstaculo/share/obstaculo/hook/pythonpath.dsv'
[4.110s] INFO:colcon.colcon_core.shell:Creating environment hook '/home/samuel/Roboticaclase/ultrason_ws/scr/install/obstaculo/share/obstaculo/hook/pythonpath.sh'
[4.112s] Level 1:colcon.colcon_core.environment:checking '/home/samuel/Roboticaclase/ultrason_ws/scr/install/obstaculo/bin'
[4.112s] Level 1:colcon.colcon_core.environment:create_environment_scripts_only(obstaculo)
[4.112s] INFO:colcon.colcon_core.shell:Creating package script '/home/samuel/Roboticaclase/ultrason_ws/scr/install/obstaculo/share/obstaculo/package.ps1'
[4.113s] INFO:colcon.colcon_core.shell:Creating package descriptor '/home/samuel/Roboticaclase/ultrason_ws/scr/install/obstaculo/share/obstaculo/package.dsv'
[4.114s] INFO:colcon.colcon_core.shell:Creating package script '/home/samuel/Roboticaclase/ultrason_ws/scr/install/obstaculo/share/obstaculo/package.sh'
[4.115s] INFO:colcon.colcon_core.shell:Creating package script '/home/samuel/Roboticaclase/ultrason_ws/scr/install/obstaculo/share/obstaculo/package.bash'
[4.116s] INFO:colcon.colcon_core.shell:Creating package script '/home/samuel/Roboticaclase/ultrason_ws/scr/install/obstaculo/share/obstaculo/package.zsh'
[4.116s] Level 1:colcon.colcon_core.environment:create_file_with_runtime_dependencies(/home/samuel/Roboticaclase/ultrason_ws/scr/install/obstaculo/share/colcon-core/packages/obstaculo)
[4.117s] DEBUG:colcon.colcon_parallel_executor.executor.parallel:closing loop
[4.118s] DEBUG:colcon.colcon_parallel_executor.executor.parallel:loop closed
[4.118s] DEBUG:colcon.colcon_parallel_executor.executor.parallel:run_until_complete finished with '0'
[4.118s] DEBUG:colcon.colcon_core.event_reactor:joining thread
[4.129s] INFO:colcon.colcon_core.plugin_system:Skipping extension 'colcon_notification.desktop_notification.terminal_notifier': Not used on non-Darwin systems
[4.130s] INFO:colcon.colcon_core.plugin_system:Skipping extension 'colcon_notification.desktop_notification.win32': Not used on non-Windows systems
[4.130s] INFO:colcon.colcon_notification.desktop_notification:Sending desktop notification using 'notify2'
[4.159s] DEBUG:colcon.colcon_core.event_reactor:joined thread
[4.159s] INFO:colcon.colcon_core.shell:Creating prefix script '/home/samuel/Roboticaclase/ultrason_ws/scr/install/local_setup.ps1'
[4.161s] INFO:colcon.colcon_core.shell:Creating prefix util module '/home/samuel/Roboticaclase/ultrason_ws/scr/install/_local_setup_util_ps1.py'
[4.163s] INFO:colcon.colcon_core.shell:Creating prefix chain script '/home/samuel/Roboticaclase/ultrason_ws/scr/install/setup.ps1'
[4.165s] INFO:colcon.colcon_core.shell:Creating prefix script '/home/samuel/Roboticaclase/ultrason_ws/scr/install/local_setup.sh'
[4.166s] INFO:colcon.colcon_core.shell:Creating prefix util module '/home/samuel/Roboticaclase/ultrason_ws/scr/install/_local_setup_util_sh.py'
[4.167s] INFO:colcon.colcon_core.shell:Creating prefix chain script '/home/samuel/Roboticaclase/ultrason_ws/scr/install/setup.sh'
[4.169s] INFO:colcon.colcon_core.shell:Creating prefix script '/home/samuel/Roboticaclase/ultrason_ws/scr/install/local_setup.bash'
[4.170s] INFO:colcon.colcon_core.shell:Creating prefix chain script '/home/samuel/Roboticaclase/ultrason_ws/scr/install/setup.bash'
[4.172s] INFO:colcon.colcon_core.shell:Creating prefix script '/home/samuel/Roboticaclase/ultrason_ws/scr/install/local_setup.zsh'
[4.173s] INFO:colcon.colcon_core.shell:Creating prefix chain script '/home/samuel/Roboticaclase/ultrason_ws/scr/install/setup.zsh'
