running egg_info
creating ../build/obstaculo/obstaculo.egg-info
writing ../build/obstaculo/obstaculo.egg-info/PKG-INFO
writing dependency_links to ../build/obstaculo/obstaculo.egg-info/dependency_links.txt
writing requirements to ../build/obstaculo/obstaculo.egg-info/requires.txt
writing top-level names to ../build/obstaculo/obstaculo.egg-info/top_level.txt
writing manifest file '../build/obstaculo/obstaculo.egg-info/SOURCES.txt'
reading manifest file '../build/obstaculo/obstaculo.egg-info/SOURCES.txt'
adding license file 'LICENSE'
writing manifest file '../build/obstaculo/obstaculo.egg-info/SOURCES.txt'
running build
running build_py
creating /home/samuel/Roboticaclase/ultrason_ws/scr/build/obstaculo/build
creating /home/samuel/Roboticaclase/ultrason_ws/scr/build/obstaculo/build/lib
creating /home/samuel/Roboticaclase/ultrason_ws/scr/build/obstaculo/build/lib/obstaculo
copying obstaculo/__init__.py -> /home/samuel/Roboticaclase/ultrason_ws/scr/build/obstaculo/build/lib/obstaculo
copying obstaculo/obsta.py -> /home/samuel/Roboticaclase/ultrason_ws/scr/build/obstaculo/build/lib/obstaculo
running install
running install_lib
creating /home/samuel/Roboticaclase/ultrason_ws/scr/install/obstaculo/lib/python3.12/site-packages/obstaculo
copying /home/samuel/Roboticaclase/ultrason_ws/scr/build/obstaculo/build/lib/obstaculo/__init__.py -> /home/samuel/Roboticaclase/ultrason_ws/scr/install/obstaculo/lib/python3.12/site-packages/obstaculo
copying /home/samuel/Roboticaclase/ultrason_ws/scr/build/obstaculo/build/lib/obstaculo/obsta.py -> /home/samuel/Roboticaclase/ultrason_ws/scr/install/obstaculo/lib/python3.12/site-packages/obstaculo
byte-compiling /home/samuel/Roboticaclase/ultrason_ws/scr/install/obstaculo/lib/python3.12/site-packages/obstaculo/__init__.py to __init__.cpython-312.pyc
byte-compiling /home/samuel/Roboticaclase/ultrason_ws/scr/install/obstaculo/lib/python3.12/site-packages/obstaculo/obsta.py to obsta.cpython-312.pyc
running install_data
creating /home/samuel/Roboticaclase/ultrason_ws/scr/install/obstaculo/share/ament_index
creating /home/samuel/Roboticaclase/ultrason_ws/scr/install/obstaculo/share/ament_index/resource_index
creating /home/samuel/Roboticaclase/ultrason_ws/scr/install/obstaculo/share/ament_index/resource_index/packages
copying resource/obstaculo -> /home/samuel/Roboticaclase/ultrason_ws/scr/install/obstaculo/share/ament_index/resource_index/packages
copying package.xml -> /home/samuel/Roboticaclase/ultrason_ws/scr/install/obstaculo/share/obstaculo
running install_egg_info
Copying ../build/obstaculo/obstaculo.egg-info to /home/samuel/Roboticaclase/ultrason_ws/scr/install/obstaculo/lib/python3.12/site-packages/obstaculo-0.0.0-py3.12.egg-info
running install_scripts
writing list of installed files to '/home/samuel/Roboticaclase/ultrason_ws/scr/build/obstaculo/install.log'
