[2.611s] Invoking command in '/home/samuel/Roboticaclase/ultrason_ws/scr/obstaculo': DEBUGINFOD_URLS=https://debuginfod.ubuntu.com PYTHONPATH=/home/samuel/Roboticaclase/ultrason_ws/scr/build/obstaculo/prefix_override:/usr/lib/python3/dist-packages/colcon_core/task/python/colcon_distutils_commands:/home/samuel/Roboticaclase/ultrason_ws/scr/install/obstaculo/lib/python3.12/site-packages:${PYTHONPATH} /usr/bin/python3 -W ignore:setup.py install is deprecated -W ignore:easy_install command is deprecated setup.py egg_info --egg-base ../build/obstaculo build --build-base /home/samuel/Roboticaclase/ultrason_ws/scr/build/obstaculo/build install --record /home/samuel/Roboticaclase/ultrason_ws/scr/build/obstaculo/install.log --single-version-externally-managed install_data
[3.217s] running egg_info
[3.218s] creating ../build/obstaculo/obstaculo.egg-info
[3.260s] writing ../build/obstaculo/obstaculo.egg-info/PKG-INFO
[3.261s] writing dependency_links to ../build/obstaculo/obstaculo.egg-info/dependency_links.txt
[3.261s] writing requirements to ../build/obstaculo/obstaculo.egg-info/requires.txt
[3.261s] writing top-level names to ../build/obstaculo/obstaculo.egg-info/top_level.txt
[3.262s] writing manifest file '../build/obstaculo/obstaculo.egg-info/SOURCES.txt'
[3.349s] reading manifest file '../build/obstaculo/obstaculo.egg-info/SOURCES.txt'
[3.349s] adding license file 'LICENSE'
[3.350s] writing manifest file '../build/obstaculo/obstaculo.egg-info/SOURCES.txt'
[3.350s] running build
[3.351s] running build_py
[3.351s] creating /home/samuel/Roboticaclase/ultrason_ws/scr/build/obstaculo/build
[3.351s] creating /home/samuel/Roboticaclase/ultrason_ws/scr/build/obstaculo/build/lib
[3.351s] creating /home/samuel/Roboticaclase/ultrason_ws/scr/build/obstaculo/build/lib/obstaculo
[3.351s] copying obstaculo/__init__.py -> /home/samuel/Roboticaclase/ultrason_ws/scr/build/obstaculo/build/lib/obstaculo
[3.352s] copying obstaculo/obsta.py -> /home/samuel/Roboticaclase/ultrason_ws/scr/build/obstaculo/build/lib/obstaculo
[3.352s] running install
[3.367s] running install_lib
[3.411s] creating /home/samuel/Roboticaclase/ultrason_ws/scr/install/obstaculo/lib/python3.12/site-packages/obstaculo
[3.411s] copying /home/samuel/Roboticaclase/ultrason_ws/scr/build/obstaculo/build/lib/obstaculo/__init__.py -> /home/samuel/Roboticaclase/ultrason_ws/scr/install/obstaculo/lib/python3.12/site-packages/obstaculo
[3.411s] copying /home/samuel/Roboticaclase/ultrason_ws/scr/build/obstaculo/build/lib/obstaculo/obsta.py -> /home/samuel/Roboticaclase/ultrason_ws/scr/install/obstaculo/lib/python3.12/site-packages/obstaculo
[3.412s] byte-compiling /home/samuel/Roboticaclase/ultrason_ws/scr/install/obstaculo/lib/python3.12/site-packages/obstaculo/__init__.py to __init__.cpython-312.pyc
[3.413s] byte-compiling /home/samuel/Roboticaclase/ultrason_ws/scr/install/obstaculo/lib/python3.12/site-packages/obstaculo/obsta.py to obsta.cpython-312.pyc
[3.414s] running install_data
[3.414s] creating /home/samuel/Roboticaclase/ultrason_ws/scr/install/obstaculo/share/ament_index
[3.414s] creating /home/samuel/Roboticaclase/ultrason_ws/scr/install/obstaculo/share/ament_index/resource_index
[3.415s] creating /home/samuel/Roboticaclase/ultrason_ws/scr/install/obstaculo/share/ament_index/resource_index/packages
[3.415s] copying resource/obstaculo -> /home/samuel/Roboticaclase/ultrason_ws/scr/install/obstaculo/share/ament_index/resource_index/packages
[3.415s] copying package.xml -> /home/samuel/Roboticaclase/ultrason_ws/scr/install/obstaculo/share/obstaculo
[3.415s] running install_egg_info
[3.465s] Copying ../build/obstaculo/obstaculo.egg-info to /home/samuel/Roboticaclase/ultrason_ws/scr/install/obstaculo/lib/python3.12/site-packages/obstaculo-0.0.0-py3.12.egg-info
[3.466s] running install_scripts
[3.768s] writing list of installed files to '/home/samuel/Roboticaclase/ultrason_ws/scr/build/obstaculo/install.log'
[3.829s] Invoked command in '/home/samuel/Roboticaclase/ultrason_ws/scr/obstaculo' returned '0': DEBUGINFOD_URLS=https://debuginfod.ubuntu.com PYTHONPATH=/home/samuel/Roboticaclase/ultrason_ws/scr/build/obstaculo/prefix_override:/usr/lib/python3/dist-packages/colcon_core/task/python/colcon_distutils_commands:/home/samuel/Roboticaclase/ultrason_ws/scr/install/obstaculo/lib/python3.12/site-packages:${PYTHONPATH} /usr/bin/python3 -W ignore:setup.py install is deprecated -W ignore:easy_install command is deprecated setup.py egg_info --egg-base ../build/obstaculo build --build-base /home/samuel/Roboticaclase/ultrason_ws/scr/build/obstaculo/build install --record /home/samuel/Roboticaclase/ultrason_ws/scr/build/obstaculo/install.log --single-version-externally-managed install_data
