[0.264s] DEBUG:colcon:Command line arguments: ['/usr/bin/colcon', 'build']
[0.264s] DEBUG:colcon:Parsed command line arguments: Namespace(log_base=None, log_level=None, verb_name='build', build_base='build', install_base='install', merge_install=False, symlink_install=False, test_result_base=None, continue_on_error=False, executor='parallel', parallel_workers=16, event_handlers=None, ignore_user_meta=False, metas=['./colcon.meta'], base_paths=['.'], packages_ignore=None, packages_ignore_regex=None, paths=None, packages_up_to=None, packages_up_to_regex=None, packages_above=None, packages_above_and_dependencies=None, packages_above_depth=None, packages_select_by_dep=None, packages_skip_by_dep=None, packages_skip_up_to=None, packages_select_build_failed=False, packages_skip_build_finished=False, packages_select_test_failures=False, packages_skip_test_passed=False, packages_select=None, packages_skip=None, packages_select_regex=None, packages_skip_regex=None, packages_start=None, packages_end=None, allow_overriding=[], cmake_args=None, cmake_target=None, cmake_target_skip_unavailable=False, cmake_clean_cache=False, cmake_clean_first=False, cmake_force_configure=False, ament_cmake_args=None, catkin_cmake_args=None, catkin_skip_building_tests=False, mixin_files=None, mixin=None, verb_parser=<colcon_mixin.mixin.mixin_argument.MixinArgumentDecorator object at 0x7b829fd80b60>, verb_extension=<colcon_core.verb.build.BuildVerb object at 0x7b829fd0bce0>, main=<bound method BuildVerb.main of <colcon_core.verb.build.BuildVerb object at 0x7b829fd0bce0>>, mixin_verb=('build',))
[0.349s] Level 1:colcon.colcon_core.package_discovery:discover_packages(colcon_meta) check parameters
[0.349s] Level 1:colcon.colcon_core.package_discovery:discover_packages(recursive) check parameters
[0.349s] Level 1:colcon.colcon_core.package_discovery:discover_packages(ignore) check parameters
[0.349s] Level 1:colcon.colcon_core.package_discovery:discover_packages(path) check parameters
[0.349s] Level 1:colcon.colcon_core.package_discovery:discover_packages(colcon_meta) discover
[0.349s] Level 1:colcon.colcon_core.package_discovery:discover_packages(recursive) discover
[0.349s] INFO:colcon.colcon_core.package_discovery:Crawling recursively for packages in '/home/samuel/Roboticaclase/ultrason_ws/scr'
[0.350s] Level 1:colcon.colcon_core.package_identification:_identify(.) by extensions ['ignore', 'ignore_ament_install']
[0.350s] Level 1:colcon.colcon_core.package_identification:_identify(.) by extension 'ignore'
[0.350s] Level 1:colcon.colcon_core.package_identification:_identify(.) by extension 'ignore_ament_install'
[0.350s] Level 1:colcon.colcon_core.package_identification:_identify(.) by extensions ['colcon_pkg']
[0.350s] Level 1:colcon.colcon_core.package_identification:_identify(.) by extension 'colcon_pkg'
[0.350s] Level 1:colcon.colcon_core.package_identification:_identify(.) by extensions ['colcon_meta']
[0.350s] Level 1:colcon.colcon_core.package_identification:_identify(.) by extension 'colcon_meta'
[0.350s] Level 1:colcon.colcon_core.package_identification:_identify(.) by extensions ['ros']
[0.350s] Level 1:colcon.colcon_core.package_identification:_identify(.) by extension 'ros'
[0.422s] Level 1:colcon.colcon_core.package_identification:_identify(.) by extensions ['cmake', 'python']
[0.422s] Level 1:colcon.colcon_core.package_identification:_identify(.) by extension 'cmake'
[0.422s] Level 1:colcon.colcon_core.package_identification:_identify(.) by extension 'python'
[0.423s] Level 1:colcon.colcon_core.package_identification:_identify(.) by extensions ['python_setup_py']
[0.423s] Level 1:colcon.colcon_core.package_identification:_identify(.) by extension 'python_setup_py'
[0.423s] Level 1:colcon.colcon_core.package_identification:_identify(build) by extensions ['ignore', 'ignore_ament_install']
[0.423s] Level 1:colcon.colcon_core.package_identification:_identify(build) by extension 'ignore'
[0.423s] Level 1:colcon.colcon_core.package_identification:_identify(build) ignored
[0.424s] Level 1:colcon.colcon_core.package_identification:_identify(install) by extensions ['ignore', 'ignore_ament_install']
[0.424s] Level 1:colcon.colcon_core.package_identification:_identify(install) by extension 'ignore'
[0.424s] Level 1:colcon.colcon_core.package_identification:_identify(install) ignored
[0.424s] Level 1:colcon.colcon_core.package_identification:_identify(log) by extensions ['ignore', 'ignore_ament_install']
[0.424s] Level 1:colcon.colcon_core.package_identification:_identify(log) by extension 'ignore'
[0.424s] Level 1:colcon.colcon_core.package_identification:_identify(log) ignored
[0.425s] Level 1:colcon.colcon_core.package_identification:_identify(obstaculo) by extensions ['ignore', 'ignore_ament_install']
[0.425s] Level 1:colcon.colcon_core.package_identification:_identify(obstaculo) by extension 'ignore'
[0.425s] Level 1:colcon.colcon_core.package_identification:_identify(obstaculo) by extension 'ignore_ament_install'
[0.425s] Level 1:colcon.colcon_core.package_identification:_identify(obstaculo) by extensions ['colcon_pkg']
[0.425s] Level 1:colcon.colcon_core.package_identification:_identify(obstaculo) by extension 'colcon_pkg'
[0.425s] Level 1:colcon.colcon_core.package_identification:_identify(obstaculo) by extensions ['colcon_meta']
[0.425s] Level 1:colcon.colcon_core.package_identification:_identify(obstaculo) by extension 'colcon_meta'
[0.425s] Level 1:colcon.colcon_core.package_identification:_identify(obstaculo) by extensions ['ros']
[0.426s] Level 1:colcon.colcon_core.package_identification:_identify(obstaculo) by extension 'ros'
[0.431s] DEBUG:colcon.colcon_core.package_identification:Package 'obstaculo' with type 'ros.ament_python' and name 'obstaculo'
[0.431s] Level 1:colcon.colcon_core.package_identification:_identify(ultrasonido) by extensions ['ignore', 'ignore_ament_install']
[0.432s] Level 1:colcon.colcon_core.package_identification:_identify(ultrasonido) by extension 'ignore'
[0.432s] Level 1:colcon.colcon_core.package_identification:_identify(ultrasonido) by extension 'ignore_ament_install'
[0.432s] Level 1:colcon.colcon_core.package_identification:_identify(ultrasonido) by extensions ['colcon_pkg']
[0.432s] Level 1:colcon.colcon_core.package_identification:_identify(ultrasonido) by extension 'colcon_pkg'
[0.432s] Level 1:colcon.colcon_core.package_identification:_identify(ultrasonido) by extensions ['colcon_meta']
[0.432s] Level 1:colcon.colcon_core.package_identification:_identify(ultrasonido) by extension 'colcon_meta'
[0.432s] Level 1:colcon.colcon_core.package_identification:_identify(ultrasonido) by extensions ['ros']
[0.432s] Level 1:colcon.colcon_core.package_identification:_identify(ultrasonido) by extension 'ros'
[0.434s] DEBUG:colcon.colcon_core.package_identification:Package 'ultrasonido' with type 'ros.ament_python' and name 'ultrasonido'
[0.434s] Level 1:colcon.colcon_core.package_discovery:discover_packages(recursive) using defaults
[0.434s] Level 1:colcon.colcon_core.package_discovery:discover_packages(ignore) discover
[0.434s] Level 1:colcon.colcon_core.package_discovery:discover_packages(ignore) using defaults
[0.434s] Level 1:colcon.colcon_core.package_discovery:discover_packages(path) discover
[0.434s] Level 1:colcon.colcon_core.package_discovery:discover_packages(path) using defaults
[0.482s] Level 1:colcon.colcon_core.package_discovery:discover_packages(prefix_path) check parameters
[0.482s] Level 1:colcon.colcon_core.package_discovery:discover_packages(prefix_path) discover
[0.486s] DEBUG:colcon.colcon_installed_package_information.package_discovery:Found 2 installed packages in /home/samuel/Roboticaclase/ultrason_ws/scr/install
[0.487s] DEBUG:colcon.colcon_installed_package_information.package_discovery:Found 0 installed packages in /home/samuel/Roboticaclase/ultrason_ws/install
[0.491s] DEBUG:colcon.colcon_installed_package_information.package_discovery:Found 286 installed packages in /opt/ros/jazzy
[0.493s] Level 1:colcon.colcon_core.package_discovery:discover_packages(prefix_path) using defaults
[0.595s] Level 5:colcon.colcon_core.verb:set package 'obstaculo' build argument 'cmake_args' from command line to 'None'
[0.595s] Level 5:colcon.colcon_core.verb:set package 'obstaculo' build argument 'cmake_target' from command line to 'None'
[0.595s] Level 5:colcon.colcon_core.verb:set package 'obstaculo' build argument 'cmake_target_skip_unavailable' from command line to 'False'
[0.595s] Level 5:colcon.colcon_core.verb:set package 'obstaculo' build argument 'cmake_clean_cache' from command line to 'False'
[0.596s] Level 5:colcon.colcon_core.verb:set package 'obstaculo' build argument 'cmake_clean_first' from command line to 'False'
[0.596s] Level 5:colcon.colcon_core.verb:set package 'obstaculo' build argument 'cmake_force_configure' from command line to 'False'
[0.596s] Level 5:colcon.colcon_core.verb:set package 'obstaculo' build argument 'ament_cmake_args' from command line to 'None'
[0.596s] Level 5:colcon.colcon_core.verb:set package 'obstaculo' build argument 'catkin_cmake_args' from command line to 'None'
[0.596s] Level 5:colcon.colcon_core.verb:set package 'obstaculo' build argument 'catkin_skip_building_tests' from command line to 'False'
[0.596s] DEBUG:colcon.colcon_core.verb:Building package 'obstaculo' with the following arguments: {'ament_cmake_args': None, 'build_base': '/home/samuel/Roboticaclase/ultrason_ws/scr/build/obstaculo', 'catkin_cmake_args': None, 'catkin_skip_building_tests': False, 'cmake_args': None, 'cmake_clean_cache': False, 'cmake_clean_first': False, 'cmake_force_configure': False, 'cmake_target': None, 'cmake_target_skip_unavailable': False, 'install_base': '/home/samuel/Roboticaclase/ultrason_ws/scr/install/obstaculo', 'merge_install': False, 'path': '/home/samuel/Roboticaclase/ultrason_ws/scr/obstaculo', 'symlink_install': False, 'test_result_base': None}
[0.596s] Level 5:colcon.colcon_core.verb:set package 'ultrasonido' build argument 'cmake_args' from command line to 'None'
[0.596s] Level 5:colcon.colcon_core.verb:set package 'ultrasonido' build argument 'cmake_target' from command line to 'None'
[0.597s] Level 5:colcon.colcon_core.verb:set package 'ultrasonido' build argument 'cmake_target_skip_unavailable' from command line to 'False'
[0.597s] Level 5:colcon.colcon_core.verb:set package 'ultrasonido' build argument 'cmake_clean_cache' from command line to 'False'
[0.597s] Level 5:colcon.colcon_core.verb:set package 'ultrasonido' build argument 'cmake_clean_first' from command line to 'False'
[0.597s] Level 5:colcon.colcon_core.verb:set package 'ultrasonido' build argument 'cmake_force_configure' from command line to 'False'
[0.597s] Level 5:colcon.colcon_core.verb:set package 'ultrasonido' build argument 'ament_cmake_args' from command line to 'None'
[0.597s] Level 5:colcon.colcon_core.verb:set package 'ultrasonido' build argument 'catkin_cmake_args' from command line to 'None'
[0.597s] Level 5:colcon.colcon_core.verb:set package 'ultrasonido' build argument 'catkin_skip_building_tests' from command line to 'False'
[0.597s] DEBUG:colcon.colcon_core.verb:Building package 'ultrasonido' with the following arguments: {'ament_cmake_args': None, 'build_base': '/home/samuel/Roboticaclase/ultrason_ws/scr/build/ultrasonido', 'catkin_cmake_args': None, 'catkin_skip_building_tests': False, 'cmake_args': None, 'cmake_clean_cache': False, 'cmake_clean_first': False, 'cmake_force_configure': False, 'cmake_target': None, 'cmake_target_skip_unavailable': False, 'install_base': '/home/samuel/Roboticaclase/ultrason_ws/scr/install/ultrasonido', 'merge_install': False, 'path': '/home/samuel/Roboticaclase/ultrason_ws/scr/ultrasonido', 'symlink_install': False, 'test_result_base': None}
[0.597s] INFO:colcon.colcon_core.executor:Executing jobs using 'parallel' executor
[0.599s] DEBUG:colcon.colcon_parallel_executor.executor.parallel:run_until_complete
[0.599s] INFO:colcon.colcon_ros.task.ament_python.build:Building ROS package in '/home/samuel/Roboticaclase/ultrason_ws/scr/obstaculo' with build type 'ament_python'
[0.599s] Level 1:colcon.colcon_core.shell:create_environment_hook('obstaculo', 'ament_prefix_path')
[0.604s] INFO:colcon.colcon_core.plugin_system:Skipping extension 'colcon_core.shell.bat': Not used on non-Windows systems
[0.605s] INFO:colcon.colcon_core.shell:Creating environment hook '/home/samuel/Roboticaclase/ultrason_ws/scr/install/obstaculo/share/obstaculo/hook/ament_prefix_path.ps1'
[0.606s] INFO:colcon.colcon_core.shell:Creating environment descriptor '/home/samuel/Roboticaclase/ultrason_ws/scr/install/obstaculo/share/obstaculo/hook/ament_prefix_path.dsv'
[0.607s] INFO:colcon.colcon_core.shell:Creating environment hook '/home/samuel/Roboticaclase/ultrason_ws/scr/install/obstaculo/share/obstaculo/hook/ament_prefix_path.sh'
[0.609s] INFO:colcon.colcon_core.shell:Skip shell extension 'powershell' for command environment: Not usable outside of PowerShell
[0.609s] DEBUG:colcon.colcon_core.shell:Skip shell extension 'dsv' for command environment
[0.616s] INFO:colcon.colcon_ros.task.ament_python.build:Building ROS package in '/home/samuel/Roboticaclase/ultrason_ws/scr/ultrasonido' with build type 'ament_python'
[0.616s] Level 1:colcon.colcon_core.shell:create_environment_hook('ultrasonido', 'ament_prefix_path')
[0.616s] INFO:colcon.colcon_core.shell:Creating environment hook '/home/samuel/Roboticaclase/ultrason_ws/scr/install/ultrasonido/share/ultrasonido/hook/ament_prefix_path.ps1'
[0.617s] INFO:colcon.colcon_core.shell:Creating environment descriptor '/home/samuel/Roboticaclase/ultrason_ws/scr/install/ultrasonido/share/ultrasonido/hook/ament_prefix_path.dsv'
[0.618s] INFO:colcon.colcon_core.shell:Creating environment hook '/home/samuel/Roboticaclase/ultrason_ws/scr/install/ultrasonido/share/ultrasonido/hook/ament_prefix_path.sh'
[0.619s] INFO:colcon.colcon_core.shell:Skip shell extension 'powershell' for command environment: Not usable outside of PowerShell
[0.619s] DEBUG:colcon.colcon_core.shell:Skip shell extension 'dsv' for command environment
[1.098s] INFO:colcon.colcon_core.task.python.build:Building Python package in '/home/samuel/Roboticaclase/ultrason_ws/scr/obstaculo'
[1.099s] INFO:colcon.colcon_core.shell:Skip shell extension 'powershell' for command environment: Not usable outside of PowerShell
[1.099s] DEBUG:colcon.colcon_core.shell:Skip shell extension 'dsv' for command environment
[1.607s] INFO:colcon.colcon_core.task.python.build:Building Python package in '/home/samuel/Roboticaclase/ultrason_ws/scr/ultrasonido'
[1.607s] INFO:colcon.colcon_core.shell:Skip shell extension 'powershell' for command environment: Not usable outside of PowerShell
[1.607s] DEBUG:colcon.colcon_core.shell:Skip shell extension 'dsv' for command environment
[2.894s] DEBUG:colcon.colcon_core.event_handler.log_command:Invoking command in '/home/samuel/Roboticaclase/ultrason_ws/scr/obstaculo': DEBUGINFOD_URLS=https://debuginfod.ubuntu.com PYTHONPATH=/home/samuel/Roboticaclase/ultrason_ws/scr/build/obstaculo/prefix_override:/usr/lib/python3/dist-packages/colcon_core/task/python/colcon_distutils_commands:/home/samuel/Roboticaclase/ultrason_ws/scr/install/obstaculo/lib/python3.12/site-packages:${PYTHONPATH} /usr/bin/python3 -W ignore:setup.py install is deprecated -W ignore:easy_install command is deprecated setup.py egg_info --egg-base ../build/obstaculo build --build-base /home/samuel/Roboticaclase/ultrason_ws/scr/build/obstaculo/build install --record /home/samuel/Roboticaclase/ultrason_ws/scr/build/obstaculo/install.log --single-version-externally-managed install_data
[2.927s] DEBUG:colcon.colcon_core.event_handler.log_command:Invoking command in '/home/samuel/Roboticaclase/ultrason_ws/scr/ultrasonido': DEBUGINFOD_URLS=https://debuginfod.ubuntu.com PYTHONPATH=/home/samuel/Roboticaclase/ultrason_ws/scr/build/ultrasonido/prefix_override:/usr/lib/python3/dist-packages/colcon_core/task/python/colcon_distutils_commands:/home/samuel/Roboticaclase/ultrason_ws/scr/install/ultrasonido/lib/python3.12/site-packages:${PYTHONPATH} /usr/bin/python3 -W ignore:setup.py install is deprecated -W ignore:easy_install command is deprecated setup.py egg_info --egg-base ../build/ultrasonido build --build-base /home/samuel/Roboticaclase/ultrason_ws/scr/build/ultrasonido/build install --record /home/samuel/Roboticaclase/ultrason_ws/scr/build/ultrasonido/install.log --single-version-externally-managed install_data
[4.092s] DEBUG:colcon.colcon_core.event_handler.log_command:Invoked command in '/home/samuel/Roboticaclase/ultrason_ws/scr/ultrasonido' returned '0': DEBUGINFOD_URLS=https://debuginfod.ubuntu.com PYTHONPATH=/home/samuel/Roboticaclase/ultrason_ws/scr/build/ultrasonido/prefix_override:/usr/lib/python3/dist-packages/colcon_core/task/python/colcon_distutils_commands:/home/samuel/Roboticaclase/ultrason_ws/scr/install/ultrasonido/lib/python3.12/site-packages:${PYTHONPATH} /usr/bin/python3 -W ignore:setup.py install is deprecated -W ignore:easy_install command is deprecated setup.py egg_info --egg-base ../build/ultrasonido build --build-base /home/samuel/Roboticaclase/ultrason_ws/scr/build/ultrasonido/build install --record /home/samuel/Roboticaclase/ultrason_ws/scr/build/ultrasonido/install.log --single-version-externally-managed install_data
[4.097s] Level 1:colcon.colcon_core.environment:checking '/home/samuel/Roboticaclase/ultrason_ws/scr/install/ultrasonido' for CMake module files
[4.098s] Level 1:colcon.colcon_core.environment:checking '/home/samuel/Roboticaclase/ultrason_ws/scr/install/ultrasonido' for CMake config files
[4.100s] Level 1:colcon.colcon_core.environment:checking '/home/samuel/Roboticaclase/ultrason_ws/scr/install/ultrasonido/lib'
[4.100s] Level 1:colcon.colcon_core.environment:checking '/home/samuel/Roboticaclase/ultrason_ws/scr/install/ultrasonido/bin'
[4.101s] Level 1:colcon.colcon_core.environment:checking '/home/samuel/Roboticaclase/ultrason_ws/scr/install/ultrasonido/lib/pkgconfig/ultrasonido.pc'
[4.101s] Level 1:colcon.colcon_core.environment:checking '/home/samuel/Roboticaclase/ultrason_ws/scr/install/ultrasonido/lib/python3.12/site-packages'
[4.101s] Level 1:colcon.colcon_core.shell:create_environment_hook('ultrasonido', 'pythonpath')
[4.102s] INFO:colcon.colcon_core.shell:Creating environment hook '/home/samuel/Roboticaclase/ultrason_ws/scr/install/ultrasonido/share/ultrasonido/hook/pythonpath.ps1'
[4.103s] INFO:colcon.colcon_core.shell:Creating environment descriptor '/home/samuel/Roboticaclase/ultrason_ws/scr/install/ultrasonido/share/ultrasonido/hook/pythonpath.dsv'
[4.105s] INFO:colcon.colcon_core.shell:Creating environment hook '/home/samuel/Roboticaclase/ultrason_ws/scr/install/ultrasonido/share/ultrasonido/hook/pythonpath.sh'
[4.106s] Level 1:colcon.colcon_core.environment:checking '/home/samuel/Roboticaclase/ultrason_ws/scr/install/ultrasonido/bin'
[4.107s] Level 1:colcon.colcon_core.environment:create_environment_scripts_only(ultrasonido)
[4.107s] INFO:colcon.colcon_core.shell:Creating package script '/home/samuel/Roboticaclase/ultrason_ws/scr/install/ultrasonido/share/ultrasonido/package.ps1'
[4.109s] INFO:colcon.colcon_core.shell:Creating package descriptor '/home/samuel/Roboticaclase/ultrason_ws/scr/install/ultrasonido/share/ultrasonido/package.dsv'
[4.110s] INFO:colcon.colcon_core.shell:Creating package script '/home/samuel/Roboticaclase/ultrason_ws/scr/install/ultrasonido/share/ultrasonido/package.sh'
[4.112s] INFO:colcon.colcon_core.shell:Creating package script '/home/samuel/Roboticaclase/ultrason_ws/scr/install/ultrasonido/share/ultrasonido/package.bash'
[4.114s] INFO:colcon.colcon_core.shell:Creating package script '/home/samuel/Roboticaclase/ultrason_ws/scr/install/ultrasonido/share/ultrasonido/package.zsh'
[4.115s] Level 1:colcon.colcon_core.environment:create_file_with_runtime_dependencies(/home/samuel/Roboticaclase/ultrason_ws/scr/install/ultrasonido/share/colcon-core/packages/ultrasonido)
[4.134s] Level 1:colcon.colcon_core.environment:checking '/home/samuel/Roboticaclase/ultrason_ws/scr/install/obstaculo' for CMake module files
[4.136s] DEBUG:colcon.colcon_core.event_handler.log_command:Invoked command in '/home/samuel/Roboticaclase/ultrason_ws/scr/obstaculo' returned '0': DEBUGINFOD_URLS=https://debuginfod.ubuntu.com PYTHONPATH=/home/samuel/Roboticaclase/ultrason_ws/scr/build/obstaculo/prefix_override:/usr/lib/python3/dist-packages/colcon_core/task/python/colcon_distutils_commands:/home/samuel/Roboticaclase/ultrason_ws/scr/install/obstaculo/lib/python3.12/site-packages:${PYTHONPATH} /usr/bin/python3 -W ignore:setup.py install is deprecated -W ignore:easy_install command is deprecated setup.py egg_info --egg-base ../build/obstaculo build --build-base /home/samuel/Roboticaclase/ultrason_ws/scr/build/obstaculo/build install --record /home/samuel/Roboticaclase/ultrason_ws/scr/build/obstaculo/install.log --single-version-externally-managed install_data
[4.137s] Level 1:colcon.colcon_core.environment:checking '/home/samuel/Roboticaclase/ultrason_ws/scr/install/obstaculo' for CMake config files
[4.138s] Level 1:colcon.colcon_core.environment:checking '/home/samuel/Roboticaclase/ultrason_ws/scr/install/obstaculo/lib'
[4.138s] Level 1:colcon.colcon_core.environment:checking '/home/samuel/Roboticaclase/ultrason_ws/scr/install/obstaculo/bin'
[4.139s] Level 1:colcon.colcon_core.environment:checking '/home/samuel/Roboticaclase/ultrason_ws/scr/install/obstaculo/lib/pkgconfig/obstaculo.pc'
[4.139s] Level 1:colcon.colcon_core.environment:checking '/home/samuel/Roboticaclase/ultrason_ws/scr/install/obstaculo/lib/python3.12/site-packages'
[4.140s] Level 1:colcon.colcon_core.shell:create_environment_hook('obstaculo', 'pythonpath')
[4.140s] INFO:colcon.colcon_core.shell:Creating environment hook '/home/samuel/Roboticaclase/ultrason_ws/scr/install/obstaculo/share/obstaculo/hook/pythonpath.ps1'
[4.141s] INFO:colcon.colcon_core.shell:Creating environment descriptor '/home/samuel/Roboticaclase/ultrason_ws/scr/install/obstaculo/share/obstaculo/hook/pythonpath.dsv'
[4.142s] INFO:colcon.colcon_core.shell:Creating environment hook '/home/samuel/Roboticaclase/ultrason_ws/scr/install/obstaculo/share/obstaculo/hook/pythonpath.sh'
[4.144s] Level 1:colcon.colcon_core.environment:checking '/home/samuel/Roboticaclase/ultrason_ws/scr/install/obstaculo/bin'
[4.144s] Level 1:colcon.colcon_core.environment:create_environment_scripts_only(obstaculo)
[4.145s] INFO:colcon.colcon_core.shell:Creating package script '/home/samuel/Roboticaclase/ultrason_ws/scr/install/obstaculo/share/obstaculo/package.ps1'
[4.146s] INFO:colcon.colcon_core.shell:Creating package descriptor '/home/samuel/Roboticaclase/ultrason_ws/scr/install/obstaculo/share/obstaculo/package.dsv'
[4.147s] INFO:colcon.colcon_core.shell:Creating package script '/home/samuel/Roboticaclase/ultrason_ws/scr/install/obstaculo/share/obstaculo/package.sh'
[4.148s] INFO:colcon.colcon_core.shell:Creating package script '/home/samuel/Roboticaclase/ultrason_ws/scr/install/obstaculo/share/obstaculo/package.bash'
[4.149s] INFO:colcon.colcon_core.shell:Creating package script '/home/samuel/Roboticaclase/ultrason_ws/scr/install/obstaculo/share/obstaculo/package.zsh'
[4.150s] Level 1:colcon.colcon_core.environment:create_file_with_runtime_dependencies(/home/samuel/Roboticaclase/ultrason_ws/scr/install/obstaculo/share/colcon-core/packages/obstaculo)
[4.150s] DEBUG:colcon.colcon_parallel_executor.executor.parallel:closing loop
[4.151s] DEBUG:colcon.colcon_parallel_executor.executor.parallel:loop closed
[4.151s] DEBUG:colcon.colcon_parallel_executor.executor.parallel:run_until_complete finished with '0'
[4.152s] DEBUG:colcon.colcon_core.event_reactor:joining thread
[4.165s] INFO:colcon.colcon_core.plugin_system:Skipping extension 'colcon_notification.desktop_notification.terminal_notifier': Not used on non-Darwin systems
[4.165s] INFO:colcon.colcon_core.plugin_system:Skipping extension 'colcon_notification.desktop_notification.win32': Not used on non-Windows systems
[4.166s] INFO:colcon.colcon_notification.desktop_notification:Sending desktop notification using 'notify2'
[4.194s] DEBUG:colcon.colcon_core.event_reactor:joined thread
[4.194s] INFO:colcon.colcon_core.shell:Creating prefix script '/home/samuel/Roboticaclase/ultrason_ws/scr/install/local_setup.ps1'
[4.197s] INFO:colcon.colcon_core.shell:Creating prefix util module '/home/samuel/Roboticaclase/ultrason_ws/scr/install/_local_setup_util_ps1.py'
[4.199s] INFO:colcon.colcon_core.shell:Creating prefix chain script '/home/samuel/Roboticaclase/ultrason_ws/scr/install/setup.ps1'
[4.202s] INFO:colcon.colcon_core.shell:Creating prefix script '/home/samuel/Roboticaclase/ultrason_ws/scr/install/local_setup.sh'
[4.203s] INFO:colcon.colcon_core.shell:Creating prefix util module '/home/samuel/Roboticaclase/ultrason_ws/scr/install/_local_setup_util_sh.py'
[4.204s] INFO:colcon.colcon_core.shell:Creating prefix chain script '/home/samuel/Roboticaclase/ultrason_ws/scr/install/setup.sh'
[4.206s] INFO:colcon.colcon_core.shell:Creating prefix script '/home/samuel/Roboticaclase/ultrason_ws/scr/install/local_setup.bash'
[4.208s] INFO:colcon.colcon_core.shell:Creating prefix chain script '/home/samuel/Roboticaclase/ultrason_ws/scr/install/setup.bash'
[4.210s] INFO:colcon.colcon_core.shell:Creating prefix script '/home/samuel/Roboticaclase/ultrason_ws/scr/install/local_setup.zsh'
[4.211s] INFO:colcon.colcon_core.shell:Creating prefix chain script '/home/samuel/Roboticaclase/ultrason_ws/scr/install/setup.zsh'
